JetBrains Amper version 0.9.1 (7164273, 2025-11-28)
running on Windows 10 10.0 jvm arch amd64

00:04.407 DEBUG :app:resolveDependenciesJvm ResolveExternalDependenciesTask resolve dependencies app -- main -- org.jetbrains.compose.desktop:desktop-jvm-windows-x64:1.8.2 org.jetbrains.compose.material:material-icons-extended-desktop:1.6.0 org.jetbrains.compose.runtime:runtime:1.8.2 org.jetbrains.kotlin:kotlin-stdlib:2.2.21 -- resolvePlatform=jvm nativeTarget=null wasmTarget=null
00:04.441 DEBUG :artifacts\PreparedComposeResourcesDirArtifact\appmain IncrementalCache          [inc] up-to-date according to state file at 'E:\app\build\incremental.state\_artifacts_PreparedComposeResourcesDirArtifact_app-d0751f6123' in 17.122200ms
00:04.442 DEBUG :artifacts\PreparedComposeResourcesDirArtifact\appmain IncrementalCache          [inc] ':artifacts\PreparedComposeResourcesDirArtifact\appmain' is up-to-date
00:04.461 DEBUG :generated\app\main\src\compose\resources\commonResClass IncrementalCache          [inc] up-to-date according to state file at 'E:\app\build\incremental.state\_generated_app_main_src_compose_resources_commonRe-54d53be939' in 35.131ms
00:04.462 DEBUG :generated\app\main\src\compose\resources\commonResClass IncrementalCache          [inc] ':generated\app\main\src\compose\resources\commonResClass' is up-to-date
00:04.473 DEBUG :app:resolveDependenciesJvm IncrementalCache          [inc] up-to-date according to state file at 'E:\app\build\incremental.state\_app_resolveDependenciesJvm-ba82a87db8' in 42.566300ms
00:04.491 DEBUG :app:resolveDependenciesJvm IncrementalCache          [inc] ':app:resolveDependenciesJvm' is up-to-date
00:04.548 DEBUG :generated\app\main\src\compose\resources\accessors IncrementalCache          [inc] up-to-date according to state file at 'E:\app\build\incremental.state\_generated_app_main_src_compose_resources_accessor-0bf8dfa386' in 13.773200ms
00:04.548 DEBUG :generated\app\main\src\compose\resources\accessors IncrementalCache          [inc] ':generated\app\main\src\compose\resources\accessors' is up-to-date
00:04.559 DEBUG :app:resolveDependenciesJvm ResolveExternalDependenciesTask resolve dependencies app -- main -- org.jetbrains.compose.desktop:desktop-jvm-windows-x64:1.8.2 org.jetbrains.compose.material:material-icons-extended-desktop:1.6.0 org.jetbrains.compose.runtime:runtime:1.8.2 org.jetbrains.kotlin:kotlin-stdlib:2.2.21 -- resolvePlatform=JVM nativeTarget=null
wasmTarget=null
https://repo1.maven.org/maven2 https://maven.google.com https://maven.pkg.jetbrains.space/public/p/compose/dev resolved to:
  .m2.cache\org\jetbrains\compose\material\material-icons-extended-desktop\1.6.0\material-icons-extended-desktop-1.6.0.jar
  .m2.cache\org\jetbrains\kotlin\kotlin-stdlib\2.2.21\kotlin-stdlib-2.2.21.jar
  .m2.cache\org\jetbrains\annotations\23.0.0\annotations-23.0.0.jar
  .m2.cache\org\jetbrains\compose\runtime\runtime-desktop\1.8.2\runtime-desktop-1.8.2.jar
  .m2.cache\org\jetbrains\compose\desktop\desktop-jvm\1.8.2\desktop-jvm-1.8.2.jar
  .m2.cache\org\jetbrains\compose\material\material-icons-core-desktop\1.6.0\material-icons-core-desktop-1.6.0.jar
  .m2.cache\org\jetbrains\kotlinx\kotlinx-coroutines-core-jvm\1.8.0\kotlinx-coroutines-core-jvm-1.8.0.jar
  .m2.cache\org\jetbrains\compose\foundation\foundation-desktop\1.8.2\foundation-desktop-1.8.2.jar
  .m2.cache\org\jetbrains\compose\material\material-desktop\1.8.2\material-desktop-1.8.2.jar
  .m2.cache\org\jetbrains\compose\ui\ui-desktop\1.8.2\ui-desktop-1.8.2.jar
  .m2.cache\org\jetbrains\compose\ui\ui-tooling-preview-desktop\1.8.2\ui-tooling-preview-desktop-1.8.2.jar
  .m2.cache\org\jetbrains\compose\animation\animation-desktop\1.8.2\animation-desktop-1.8.2.jar
  .m2.cache\org\jetbrains\skiko\skiko-awt\0.9.4.2\skiko-awt-0.9.4.2.jar
  .m2.cache\org\jetbrains\compose\animation\animation-core-desktop\1.8.2\animation-core-desktop-1.8.2.jar
  .m2.cache\org\jetbrains\compose\material\material-ripple-desktop\1.8.2\material-ripple-desktop-1.8.2.jar
  .m2.cache\org\jetbrains\compose\ui\ui-text-desktop\1.8.2\ui-text-desktop-1.8.2.jar
  .m2.cache\org\jetbrains\compose\runtime\runtime-saveable-desktop\1.8.2\runtime-saveable-desktop-1.8.2.jar
  .m2.cache\org\jetbrains\compose\ui\ui-geometry-desktop\1.8.2\ui-geometry-desktop-1.8.2.jar
  .m2.cache\org\jetbrains\compose\ui\ui-graphics-desktop\1.8.2\ui-graphics-desktop-1.8.2.jar
  .m2.cache\org\jetbrains\compose\ui\ui-unit-desktop\1.8.2\ui-unit-desktop-1.8.2.jar
  .m2.cache\org\jetbrains\compose\ui\ui-util-desktop\1.8.2\ui-util-desktop-1.8.2.jar
  .m2.cache\androidx\lifecycle\lifecycle-common-jvm\2.8.5\lifecycle-common-jvm-2.8.5.jar
  .m2.cache\org\jetbrains\compose\foundation\foundation-layout-desktop\1.8.2\foundation-layout-desktop-1.8.2.jar
  .m2.cache\androidx\annotation\annotation-jvm\1.9.1\annotation-jvm-1.9.1.jar
00:04.561 DEBUG :generated\app\main\src\compose\resources\collectors IncrementalCache          [inc] up-to-date according to state file at 'E:\app\build\incremental.state\_generated_app_main_src_compose_resources_collecto-2e587b1008' in 7.996700ms
00:04.561 DEBUG :generated\app\main\src\compose\resources\collectors IncrementalCache          [inc] ':generated\app\main\src\compose\resources\collectors' is up-to-date
00:04.562 DEBUG :app:prepareComposeResourcesForJvmMain IncrementalCache          [inc] up-to-date according to state file at 'E:\app\build\incremental.state\_app_prepareComposeResourcesForJvmMain-394721c199' in 4.224100ms
00:04.563 DEBUG :app:prepareComposeResourcesForJvmMain IncrementalCache          [inc] ':app:prepareComposeResourcesForJvmMain' is up-to-date
00:04.565 DEBUG :app:compileJvm           JvmCompileTask            compile app -- main
00:04.765 DEBUG :app:compileJvm           ExtractKt                 Skipping extract to C:\Users\lamia\AppData\Local\JetBrains\Amper\extract.cache\5de2c13edf-amazon-corretto-21.0.1.12.1-windows-x64-jdk.zip.92d495.d since flag file C:\Users\lamia\AppData\Local\JetBrains\Amper\extract.cache\5de2c13edf-amazon-corretto-21.0.1.12.1-windows-x64-jdk.zip.92d495.d.flag is correct
00:04.815 DEBUG :app:compileJvm           IncrementalCache          [inc] Input files don't match recorded state in 'E:\app\build\incremental.state\_app_compileJvm-5d9114e703' -> rebuilding
  old: {C:\Users\lamia\AppData\Local\JetBrains\Amper\.m2.cache\androidx\annotation\annotation-jvm\1.9.1\annotation-jvm-1.9.1.jar=size 60577 mtime 2025-12-05T10:38:13.730851Z, C:\Users\lamia\AppData\Local\JetBrains\Amper\.m2.cache\androidx\lifecycle\lifecycle-common-jvm\2.8.5\lifecycle-common-jvm-2.8.5.jar=size 57238 mtime 2025-12-05T10:34:22.1497257Z, C:\Users\lamia\AppData\Local\JetBrains\Amper\.m2.cache\org\jetbrains\annotations\23.0.0\annotations-23.0.0.jar=size 29371 mtime 2025-12-05T10:34:23.2699385Z, C:\Users\lamia\AppData\Local\JetBrains\Amper\.m2.cache\org\jetbrains\compose\animation\animation-core-desktop\1.8.2\animation-core-desktop-1.8.2.jar=size 373054 mtime 2025-12-05T10:38:15.1298381Z, C:\Users\lamia\AppData\Local\JetBrains\Amper\.m2.cache\org\jetbrains\compose\animation\animation-desktop\1.8.2\animation-desktop-1.8.2.jar=size 334268 mtime 2025-12-05T10:38:14.3415085Z, C:\Users\lamia\AppData\Local\JetBrains\Amper\.m2.cache\org\jetbrains\compose\desktop\desktop-jvm\1.8.2\desktop-jvm-1.8.2.jar=size 6045 mtime 2025-12-05T10:38:13.8265971Z, C:\Users\lamia\AppData\Local\JetBrains\Amper\.m2.cache\org\jetbrains\compose\foundation\foundation-desktop\1.8.2\foundation-desktop-1.8.2.jar=size 3796030 mtime 2025-12-05T10:38:17.1822989Z, C:\Users\lamia\AppData\Local\JetBrains\Amper\.m2.cache\org\jetbrains\compose\foundation\foundation-layout-desktop\1.8.2\foundation-layout-desktop-1.8.2.jar=size 573052 mtime 2025-12-05T10:38:14.2663902Z, C:\Users\lamia\AppData\Local\JetBrains\Amper\.m2.cache\org\jetbrains\compose\material\material-desktop\1.8.2\material-desktop-1.8.2.jar=size 1702312 mtime 2025-12-05T10:38:16.1774844Z, C:\Users\lamia\AppData\Local\JetBrains\Amper\.m2.cache\org\jetbrains\compose\material\material-icons-core-desktop\1.6.0\material-icons-core-desktop-1.6.0.jar=size 878418 mtime 2025-12-08T00:46:47.7336968Z, C:\Users\lamia\AppData\Local\JetBrains\Amper\.m2.cache\org\jetbrains\compose\material\material-icons-extended-desktop\1.6.0\material-icons-extended-desktop-1.6.0.jar=size 37782322 mtime 2025-12-08T00:46:48.7216303Z, C:\Users\lamia\AppData\Local\JetBrains\Amper\.m2.cache\org\jetbrains\compose\material\material-ripple-desktop\1.8.2\material-ripple-desktop-1.8.2.jar=size 72676 mtime 2025-12-05T10:38:14.6292297Z, C:\Users\lamia\AppData\Local\JetBrains\Amper\.m2.cache\org\jetbrains\compose\runtime\runtime-desktop\1.8.2\runtime-desktop-1.8.2.jar=size 1400930 mtime 2025-12-05T10:38:16.0937087Z, C:\Users\lamia\AppData\Local\JetBrains\Amper\.m2.cache\org\jetbrains\compose\runtime\runtime-saveable-desktop\1.8.2\runtime-saveable-desktop-1.8.2.jar=size 41298 mtime 2025-12-05T10:38:15.0384322Z, C:\Users\lamia\AppData\Local\JetBrains\Amper\.m2.cache\org\jetbrains\compose\ui\ui-desktop\1.8.2\ui-desktop-1.8.2.jar=size 3119324 mtime 2025-12-05T10:38:16.7761206Z, C:\Users\lamia\AppData\Local\JetBrains\Amper\.m2.cache\org\jetbrains\compose\ui\ui-geometry-desktop\1.8.2\ui-geometry-desktop-1.8.2.jar=size 56481 mtime 2025-12-05T10:38:15.6429965Z, C:\Users\lamia\AppData\Local\JetBrains\Amper\.m2.cache\org\jetbrains\compose\ui\ui-graphics-desktop\1.8.2\ui-graphics-desktop-1.8.2.jar=size 566040 mtime 2025-12-05T10:38:14.5258214Z, C:\Users\lamia\AppData\Local\JetBrains\Amper\.m2.cache\org\jetbrains\compose\ui\ui-text-desktop\1.8.2\ui-text-desktop-1.8.2.jar=size 700552 mtime 2025-12-05T10:38:15.4924023Z, C:\Users\lamia\AppData\Local\JetBrains\Amper\.m2.cache\org\jetbrains\compose\ui\ui-tooling-preview-desktop\1.8.2\ui-tooling-preview-desktop-1.8.2.jar=size 1868 mtime 2025-12-05T10:38:13.819616Z, C:\Users\lamia\AppData\Local\JetBrains\Amper\.m2.cache\org\jetbrains\compose\ui\ui-unit-desktop\1.8.2\ui-unit-desktop-1.8.2.jar=size 83012 mtime 2025-12-05T10:38:13.9624077Z, C:\Users\lamia\AppData\Local\JetBrains\Amper\.m2.cache\org\jetbrains\compose\ui\ui-util-desktop\1.8.2\ui-util-desktop-1.8.2.jar=size 16970 mtime 2025-12-05T10:38:14.9605837Z, C:\Users\lamia\AppData\Local\JetBrains\Amper\.m2.cache\org\jetbrains\kotlin\kotlin-stdlib\2.2.21\kotlin-stdlib-2.2.21.jar=size 1761445 mtime 2025-12-05T10:38:13.7657604Z, C:\Users\lamia\AppData\Local\JetBrains\Amper\.m2.cache\org\jetbrains\kotlinx\kotlinx-coroutines-core-jvm\1.8.0\kotlinx-coroutines-core-jvm-1.8.0.jar=size 1548360 mtime 2025-12-05T10:34:20.278198Z, C:\Users\lamia\AppData\Local\JetBrains\Amper\.m2.cache\org\jetbrains\skiko\skiko-awt\0.9.4.2\skiko-awt-0.9.4.2.jar=size 1249143 mtime 2025-12-05T10:38:15.5612158Z, E:\app\build\artifacts\JvmResourcesDirArtifact\appmain=MISSING, E:\app\build\generated\app\main\src\compose\resources\accessors=MISSING, E:\app\build\generated\app\main\src\compose\resources\collectors=MISSING, E:\app\build\generated\app\main\src\compose\resources\commonResClass=MISSING, E:\app\resources=MISSING, E:\app\src\HabitDetailScreen.kt=size 5628 mtime 2025-12-11T15:21:54Z, E:\app\src\HomeScreen.kt=size 4349 mtime 2025-12-11T15:14:34Z, E:\app\src\NewHabitScreen.kt=size 6958 mtime 2025-12-09T02:12:58Z, E:\app\src\OnboardingScreen.kt=size 6637 mtime 2025-12-08T00:12:56Z, E:\app\src\Task.kt=size 989 mtime 2025-12-09T02:24:36Z, E:\app\src\TaskCard.kt=size 2892 mtime 2025-12-09T02:39:10Z, E:\app\src\main.kt=size 3863 mtime 2025-12-09T02:26:12Z, E:\app\src\resources=EMPTY DIR}
  new: {E:\app\src\main.kt=size 3863 mtime 2025-12-09T02:26:12Z, E:\app\src\OnboardingScreen.kt=size 6637 mtime 2025-12-08T00:12:56Z, E:\app\src\resources=EMPTY DIR, E:\app\src\HomeScreen.kt=size 4384 mtime 2025-12-11T15:31:56Z, E:\app\src\NewHabitScreen.kt=size 6958 mtime 2025-12-09T02:12:58Z, E:\app\src\Task.kt=size 968 mtime 2025-12-11T15:32:56Z, E:\app\src\TaskCard.kt=size 2997 mtime 2025-12-11T15:31:08Z, E:\app\src\HabitDetailScreen.kt=size 4223 mtime 2025-12-11T15:32:14Z, E:\app\build\generated\app\main\src\compose\resources\commonResClass=MISSING, E:\app\build\generated\app\main\src\compose\resources\accessors=MISSING, E:\app\build\generated\app\main\src\compose\resources\collectors=MISSING, E:\app\resources=MISSING, E:\app\build\artifacts\JvmResourcesDirArtifact\appmain=MISSING, C:\Users\lamia\AppData\Local\JetBrains\Amper\.m2.cache\org\jetbrains\compose\material\material-icons-extended-desktop\1.6.0\material-icons-extended-desktop-1.6.0.jar=size 37782322 mtime 2025-12-08T00:46:48.7216303Z, C:\Users\lamia\AppData\Local\JetBrains\Amper\.m2.cache\org\jetbrains\kotlin\kotlin-stdlib\2.2.21\kotlin-stdlib-2.2.21.jar=size 1761445 mtime 2025-12-05T10:38:13.7657604Z, C:\Users\lamia\AppData\Local\JetBrains\Amper\.m2.cache\org\jetbrains\annotations\23.0.0\annotations-23.0.0.jar=size 29371 mtime 2025-12-05T10:34:23.2699385Z, C:\Users\lamia\AppData\Local\JetBrains\Amper\.m2.cache\org\jetbrains\compose\runtime\runtime-desktop\1.8.2\runtime-desktop-1.8.2.jar=size 1400930 mtime 2025-12-05T10:38:16.0937087Z, C:\Users\lamia\AppData\Local\JetBrains\Amper\.m2.cache\org\jetbrains\compose\desktop\desktop-jvm\1.8.2\desktop-jvm-1.8.2.jar=size 6045 mtime 2025-12-05T10:38:13.8265971Z, C:\Users\lamia\AppData\Local\JetBrains\Amper\.m2.cache\org\jetbrains\compose\material\material-icons-core-desktop\1.6.0\material-icons-core-desktop-1.6.0.jar=size 878418 mtime 2025-12-08T00:46:47.7336968Z, C:\Users\lamia\AppData\Local\JetBrains\Amper\.m2.cache\org\jetbrains\kotlinx\kotlinx-coroutines-core-jvm\1.8.0\kotlinx-coroutines-core-jvm-1.8.0.jar=size 1548360 mtime 2025-12-05T10:34:20.278198Z, C:\Users\lamia\AppData\Local\JetBrains\Amper\.m2.cache\org\jetbrains\compose\foundation\foundation-desktop\1.8.2\foundation-desktop-1.8.2.jar=size 3796030 mtime 2025-12-05T10:38:17.1822989Z, C:\Users\lamia\AppData\Local\JetBrains\Amper\.m2.cache\org\jetbrains\compose\material\material-desktop\1.8.2\material-desktop-1.8.2.jar=size 1702312 mtime 2025-12-05T10:38:16.1774844Z, C:\Users\lamia\AppData\Local\JetBrains\Amper\.m2.cache\org\jetbrains\compose\ui\ui-desktop\1.8.2\ui-desktop-1.8.2.jar=size 3119324 mtime 2025-12-05T10:38:16.7761206Z, C:\Users\lamia\AppData\Local\JetBrains\Amper\.m2.cache\org\jetbrains\compose\ui\ui-tooling-preview-desktop\1.8.2\ui-tooling-preview-desktop-1.8.2.jar=size 1868 mtime 2025-12-05T10:38:13.819616Z, C:\Users\lamia\AppData\Local\JetBrains\Amper\.m2.cache\org\jetbrains\compose\animation\animation-desktop\1.8.2\animation-desktop-1.8.2.jar=size 334268 mtime 2025-12-05T10:38:14.3415085Z, C:\Users\lamia\AppData\Local\JetBrains\Amper\.m2.cache\org\jetbrains\skiko\skiko-awt\0.9.4.2\skiko-awt-0.9.4.2.jar=size 1249143 mtime 2025-12-05T10:38:15.5612158Z, C:\Users\lamia\AppData\Local\JetBrains\Amper\.m2.cache\org\jetbrains\compose\animation\animation-core-desktop\1.8.2\animation-core-desktop-1.8.2.jar=size 373054 mtime 2025-12-05T10:38:15.1298381Z, C:\Users\lamia\AppData\Local\JetBrains\Amper\.m2.cache\org\jetbrains\compose\material\material-ripple-desktop\1.8.2\material-ripple-desktop-1.8.2.jar=size 72676 mtime 2025-12-05T10:38:14.6292297Z, C:\Users\lamia\AppData\Local\JetBrains\Amper\.m2.cache\org\jetbrains\compose\ui\ui-text-desktop\1.8.2\ui-text-desktop-1.8.2.jar=size 700552 mtime 2025-12-05T10:38:15.4924023Z, C:\Users\lamia\AppData\Local\JetBrains\Amper\.m2.cache\org\jetbrains\compose\runtime\runtime-saveable-desktop\1.8.2\runtime-saveable-desktop-1.8.2.jar=size 41298 mtime 2025-12-05T10:38:15.0384322Z, C:\Users\lamia\AppData\Local\JetBrains\Amper\.m2.cache\org\jetbrains\compose\ui\ui-geometry-desktop\1.8.2\ui-geometry-desktop-1.8.2.jar=size 56481 mtime 2025-12-05T10:38:15.6429965Z, C:\Users\lamia\AppData\Local\JetBrains\Amper\.m2.cache\org\jetbrains\compose\ui\ui-graphics-desktop\1.8.2\ui-graphics-desktop-1.8.2.jar=size 566040 mtime 2025-12-05T10:38:14.5258214Z, C:\Users\lamia\AppData\Local\JetBrains\Amper\.m2.cache\org\jetbrains\compose\ui\ui-unit-desktop\1.8.2\ui-unit-desktop-1.8.2.jar=size 83012 mtime 2025-12-05T10:38:13.9624077Z, C:\Users\lamia\AppData\Local\JetBrains\Amper\.m2.cache\org\jetbrains\compose\ui\ui-util-desktop\1.8.2\ui-util-desktop-1.8.2.jar=size 16970 mtime 2025-12-05T10:38:14.9605837Z, C:\Users\lamia\AppData\Local\JetBrains\Amper\.m2.cache\androidx\lifecycle\lifecycle-common-jvm\2.8.5\lifecycle-common-jvm-2.8.5.jar=size 57238 mtime 2025-12-05T10:34:22.1497257Z, C:\Users\lamia\AppData\Local\JetBrains\Amper\.m2.cache\org\jetbrains\compose\foundation\foundation-layout-desktop\1.8.2\foundation-layout-desktop-1.8.2.jar=size 573052 mtime 2025-12-05T10:38:14.2663902Z, C:\Users\lamia\AppData\Local\JetBrains\Amper\.m2.cache\androidx\annotation\annotation-jvm\1.9.1\annotation-jvm-1.9.1.jar=size 60577 mtime 2025-12-05T10:38:13.730851Z}
00:04.817 DEBUG :app:compileJvm           IncrementalCache          [inc] building ':app:compileJvm'
00:04.926 DEBUG :app:compileJvm           IncrementalCache          [inc] up-to-date according to state file at 'E:\app\build\incremental.state\resolve-org.jetbrains.kotlin-kotlin-build-tools-im-439d3d0dbf' in 3.869900ms
00:04.926 DEBUG :app:compileJvm           IncrementalCache          [inc] 'resolve-org.jetbrains.kotlin-kotlin-build-tools-impl-2.2.21' is up-to-date
00:04.975 DEBUG :app:compileJvm           IncrementalCache          [inc] up-to-date according to state file at 'E:\app\build\incremental.state\resolve-org.jetbrains.kotlin-kotlin-compose-compil-038c518465' in 1.026100ms
00:04.976 DEBUG :app:compileJvm           IncrementalCache          [inc] 'resolve-org.jetbrains.kotlin-kotlin-compose-compiler-plugin-embeddable-2.2.21' is up-to-date
00:04.983 INFO  :app:compileJvm           JvmCompileTask            Compiling module 'app' for platform 'jvm'...
00:04.992 DEBUG :app:compileJvm           KotlinBuildToolsApiKt     Compiling using the in-process strategy
00:05.361 DEBUG :app:compileJvm           KotlinBuildToolsApiKt     Using Kotlin home directory <no_path>
00:05.404 DEBUG :app:compileJvm           KotlinBuildToolsApiKt     Configuring the compilation environment
00:05.665 DEBUG :app:compileJvm           KotlinBuildToolsApiKt     Using JDK home directory C:\Users\lamia\AppData\Local\JetBrains\Amper\extract.cache\5de2c13edf-amazon-corretto-21.0.1.12.1-windows-x64-jdk.zip.92d495.d
00:07.357 DEBUG :app:compileJvm           KotlinBuildToolsApiKt     Loading modules: [java.se, jdk.accessibility, jdk.attach, jdk.compiler, jdk.dynalink, jdk.httpserver, jdk.incubator.vector, jdk.jartool, jdk.javadoc, jdk.jconsole, jdk.jdi, jdk.jfr, jdk.jshell, jdk.jsobject, jdk.management, jdk.management.jfr, jdk.net, jdk.nio.mapmode, jdk.sctp, jdk.security.auth, jdk.security.jgss, jdk.unsupported, jdk.unsupported.desktop, jdk.xml.dom, java.base, java.compiler, java.datatransfer, java.desktop, java.xml, java.instrument, java.logging, java.management, java.management.rmi, java.rmi, java.naming, java.net.http, java.prefs, java.scripting, java.security.jgss, java.security.sasl, java.sql, java.transaction.xa, java.sql.rowset, java.xml.crypto, jdk.internal.jvmstat, jdk.internal.opt, jdk.zipfs, jdk.management.agent, jdk.jdwp.agent, jdk.internal.ed, jdk.internal.le]
00:16.013 ERROR :app:compileJvm           KotlinBuildToolsApiKt     file:///E:/app/src/HabitDetailScreen.kt:42:94 Unresolved reference 'clickable'.
00:16.016 ERROR :app:compileJvm           KotlinBuildToolsApiKt     file:///E:/app/src/HabitDetailScreen.kt:43:68 Unresolved reference 'clickable'.
00:16.017 ERROR :app:compileJvm           KotlinBuildToolsApiKt     file:///E:/app/src/HomeScreen.kt:96:21 No value passed for parameter 'onClick'.
00:16.018 ERROR :app:compileJvm           KotlinBuildToolsApiKt     file:///E:/app/src/main.kt:25:34 Argument type mismatch: actual type is 'ImageVector', but 'String' was expected.
00:16.019 ERROR :app:compileJvm           KotlinBuildToolsApiKt     file:///E:/app/src/main.kt:25:59 Argument type mismatch: actual type is 'String', but 'ImageVector' was expected.
00:16.020 ERROR :app:compileJvm           KotlinBuildToolsApiKt     file:///E:/app/src/main.kt:26:37 Argument type mismatch: actual type is 'ImageVector', but 'String' was expected.
00:16.021 ERROR :app:compileJvm           KotlinBuildToolsApiKt     file:///E:/app/src/main.kt:26:61 Argument type mismatch: actual type is 'String', but 'ImageVector' was expected.
00:16.022 ERROR :app:compileJvm           KotlinBuildToolsApiKt     file:///E:/app/src/main.kt:27:46 Argument type mismatch: actual type is 'ImageVector', but 'String' was expected.
00:16.023 ERROR :app:compileJvm           KotlinBuildToolsApiKt     file:///E:/app/src/main.kt:27:74 Argument type mismatch: actual type is 'String', but 'ImageVector' was expected.
00:16.024 ERROR :app:compileJvm           KotlinBuildToolsApiKt     file:///E:/app/src/main.kt:28:48 Argument type mismatch: actual type is 'ImageVector', but 'String' was expected.
00:16.025 ERROR :app:compileJvm           KotlinBuildToolsApiKt     file:///E:/app/src/main.kt:28:78 Argument type mismatch: actual type is 'String', but 'ImageVector' was expected.
00:16.026 ERROR :app:compileJvm           KotlinBuildToolsApiKt     file:///E:/app/src/main.kt:29:46 Argument type mismatch: actual type is 'ImageVector', but 'String' was expected.
00:16.027 ERROR :app:compileJvm           KotlinBuildToolsApiKt     file:///E:/app/src/main.kt:29:72 Argument type mismatch: actual type is 'String', but 'ImageVector' was expected.
00:16.028 ERROR :app:compileJvm           KotlinBuildToolsApiKt     file:///E:/app/src/main.kt:30:43 Argument type mismatch: actual type is 'ImageVector', but 'String' was expected.
00:16.029 ERROR :app:compileJvm           KotlinBuildToolsApiKt     file:///E:/app/src/main.kt:30:63 Argument type mismatch: actual type is 'String', but 'ImageVector' was expected.
00:16.030 ERROR :app:compileJvm           KotlinBuildToolsApiKt     file:///E:/app/src/main.kt:34:30 Argument type mismatch: actual type is 'ImageVector', but 'String' was expected.
00:16.030 ERROR :app:compileJvm           KotlinBuildToolsApiKt     file:///E:/app/src/main.kt:34:55 Argument type mismatch: actual type is 'String', but 'ImageVector' was expected.
00:16.031 ERROR :app:compileJvm           KotlinBuildToolsApiKt     file:///E:/app/src/main.kt:35:36 Argument type mismatch: actual type is 'ImageVector', but 'String' was expected.
00:16.032 ERROR :app:compileJvm           KotlinBuildToolsApiKt     file:///E:/app/src/main.kt:35:67 Argument type mismatch: actual type is 'String', but 'ImageVector' was expected.
00:16.034 ERROR :app:compileJvm           KotlinBuildToolsApiKt     file:///E:/app/src/main.kt:38:44 Argument type mismatch: actual type is 'ImageVector', but 'String' was expected.
00:16.035 ERROR :app:compileJvm           KotlinBuildToolsApiKt     file:///E:/app/src/main.kt:38:74 Argument type mismatch: actual type is 'String', but 'ImageVector' was expected.
00:16.036 ERROR :app:compileJvm           KotlinBuildToolsApiKt     file:///E:/app/src/main.kt:39:33 Argument type mismatch: actual type is 'ImageVector', but 'String' was expected.
00:16.037 ERROR :app:compileJvm           KotlinBuildToolsApiKt     file:///E:/app/src/main.kt:39:57 Argument type mismatch: actual type is 'String', but 'ImageVector' was expected.
00:16.041 ERROR :app:compileJvm           KotlinBuildToolsApiKt     file:///E:/app/src/main.kt:42:34 Argument type mismatch: actual type is 'ImageVector', but 'String' was expected.
00:16.042 ERROR :app:compileJvm           KotlinBuildToolsApiKt     file:///E:/app/src/main.kt:42:59 Argument type mismatch: actual type is 'String', but 'ImageVector' was expected.
00:16.043 ERROR :app:compileJvm           KotlinBuildToolsApiKt     file:///E:/app/src/main.kt:43:42 Argument type mismatch: actual type is 'ImageVector', but 'String' was expected.
00:16.044 ERROR :app:compileJvm           KotlinBuildToolsApiKt     file:///E:/app/src/main.kt:43:70 Argument type mismatch: actual type is 'String', but 'ImageVector' was expected.
00:16.044 ERROR :app:compileJvm           KotlinBuildToolsApiKt     file:///E:/app/src/main.kt:44:35 Argument type mismatch: actual type is 'ImageVector', but 'String' was expected.
00:16.045 ERROR :app:compileJvm           KotlinBuildToolsApiKt     file:///E:/app/src/main.kt:44:65 Argument type mismatch: actual type is 'String', but 'ImageVector' was expected.
00:16.046 ERROR :app:compileJvm           KotlinBuildToolsApiKt     file:///E:/app/src/main.kt:47:36 Argument type mismatch: actual type is 'ImageVector', but 'String' was expected.
00:16.047 ERROR :app:compileJvm           KotlinBuildToolsApiKt     file:///E:/app/src/main.kt:47:67 Argument type mismatch: actual type is 'String', but 'ImageVector' was expected.
00:16.047 ERROR :app:compileJvm           KotlinBuildToolsApiKt     file:///E:/app/src/main.kt:48:33 Argument type mismatch: actual type is 'ImageVector', but 'String' was expected.
00:16.048 ERROR :app:compileJvm           KotlinBuildToolsApiKt     file:///E:/app/src/main.kt:48:57 Argument type mismatch: actual type is 'String', but 'ImageVector' was expected.
00:16.049 ERROR :app:compileJvm           KotlinBuildToolsApiKt     file:///E:/app/src/main.kt:51:30 Argument type mismatch: actual type is 'ImageVector', but 'String' was expected.
00:16.050 ERROR :app:compileJvm           KotlinBuildToolsApiKt     file:///E:/app/src/main.kt:51:55 Argument type mismatch: actual type is 'String', but 'ImageVector' was expected.
00:16.051 ERROR :app:compileJvm           KotlinBuildToolsApiKt     file:///E:/app/src/main.kt:52:27 Argument type mismatch: actual type is 'ImageVector', but 'String' was expected.
00:16.052 ERROR :app:compileJvm           KotlinBuildToolsApiKt     file:///E:/app/src/main.kt:52:58 Argument type mismatch: actual type is 'String', but 'ImageVector' was expected.
00:16.052 ERROR :app:compileJvm           KotlinBuildToolsApiKt     file:///E:/app/src/main.kt:55:27 Argument type mismatch: actual type is 'ImageVector', but 'String' was expected.
00:16.053 ERROR :app:compileJvm           KotlinBuildToolsApiKt     file:///E:/app/src/main.kt:55:58 Argument type mismatch: actual type is 'String', but 'ImageVector' was expected.
00:16.053 ERROR :app:compileJvm           KotlinBuildToolsApiKt     file:///E:/app/src/main.kt:68:17 No value passed for parameter 'onHabitClick'.
00:16.069 DEBUG :app:compileJvm           JvmCompileTask            Kotlin compiler finalization...
