JetBrains Amper version 0.9.1 (7164273, 2025-11-28)
running on Windows 10 10.0 jvm arch amd64

00:03.536 DEBUG :app:resolveDependenciesJvm ResolveExternalDependenciesTask resolve dependencies app -- main -- org.jetbrains.compose.desktop:desktop-jvm-windows-x64:1.8.2 org.jetbrains.compose.runtime:runtime:1.8.2 org.jetbrains.kotlin:kotlin-stdlib:2.2.21 -- resolvePlatform=jvm nativeTarget=null wasmTarget=null
00:03.581 DEBUG :generated\app\main\src\compose\resources\commonResClass IncrementalCache          [inc] up-to-date according to state file at 'E:\app\build\incremental.state\_generated_app_main_src_compose_resources_commonRe-54d53be939' in 39.989700ms
00:03.582 DEBUG :generated\app\main\src\compose\resources\commonResClass IncrementalCache          [inc] ':generated\app\main\src\compose\resources\commonResClass' is up-to-date
00:03.583 DEBUG :artifacts\PreparedComposeResourcesDirArtifact\appmain IncrementalCache          [inc] up-to-date according to state file at 'E:\app\build\incremental.state\_artifacts_PreparedComposeResourcesDirArtifact_app-d0751f6123' in 38.843800ms
00:03.583 DEBUG :artifacts\PreparedComposeResourcesDirArtifact\appmain IncrementalCache          [inc] ':artifacts\PreparedComposeResourcesDirArtifact\appmain' is up-to-date
00:03.597 DEBUG :generated\app\main\src\compose\resources\accessors IncrementalCache          [inc] up-to-date according to state file at 'E:\app\build\incremental.state\_generated_app_main_src_compose_resources_accessor-0bf8dfa386' in 1.061900ms
00:03.597 DEBUG :generated\app\main\src\compose\resources\accessors IncrementalCache          [inc] ':generated\app\main\src\compose\resources\accessors' is up-to-date
00:03.599 DEBUG :app:prepareComposeResourcesForJvmMain IncrementalCache          [inc] up-to-date according to state file at 'E:\app\build\incremental.state\_app_prepareComposeResourcesForJvmMain-394721c199' in 495.2us
00:03.600 DEBUG :app:prepareComposeResourcesForJvmMain IncrementalCache          [inc] ':app:prepareComposeResourcesForJvmMain' is up-to-date
00:03.614 DEBUG :app:resolveDependenciesJvm IncrementalCache          [inc] up-to-date according to state file at 'E:\app\build\incremental.state\_app_resolveDependenciesJvm-ba82a87db8' in 21.406800ms
00:03.614 DEBUG :app:resolveDependenciesJvm IncrementalCache          [inc] ':app:resolveDependenciesJvm' is up-to-date
00:03.619 DEBUG :generated\app\main\src\compose\resources\collectors IncrementalCache          [inc] up-to-date according to state file at 'E:\app\build\incremental.state\_generated_app_main_src_compose_resources_collecto-2e587b1008' in 520.5us
00:03.619 DEBUG :generated\app\main\src\compose\resources\collectors IncrementalCache          [inc] ':generated\app\main\src\compose\resources\collectors' is up-to-date
00:03.632 DEBUG :app:resolveDependenciesJvm ResolveExternalDependenciesTask resolve dependencies app -- main -- org.jetbrains.compose.desktop:desktop-jvm-windows-x64:1.8.2 org.jetbrains.compose.runtime:runtime:1.8.2 org.jetbrains.kotlin:kotlin-stdlib:2.2.21 -- resolvePlatform=JVM nativeTarget=null
wasmTarget=null
https://repo1.maven.org/maven2 https://maven.google.com https://maven.pkg.jetbrains.space/public/p/compose/dev resolved to:
  .m2.cache\org\jetbrains\kotlin\kotlin-stdlib\2.2.21\kotlin-stdlib-2.2.21.jar
  .m2.cache\org\jetbrains\annotations\23.0.0\annotations-23.0.0.jar
  .m2.cache\org\jetbrains\compose\runtime\runtime-desktop\1.8.2\runtime-desktop-1.8.2.jar
  .m2.cache\org\jetbrains\compose\desktop\desktop-jvm\1.8.2\desktop-jvm-1.8.2.jar
  .m2.cache\org\jetbrains\kotlinx\kotlinx-coroutines-core-jvm\1.8.0\kotlinx-coroutines-core-jvm-1.8.0.jar
  .m2.cache\org\jetbrains\compose\foundation\foundation-desktop\1.8.2\foundation-desktop-1.8.2.jar
  .m2.cache\org\jetbrains\compose\material\material-desktop\1.8.2\material-desktop-1.8.2.jar
  .m2.cache\org\jetbrains\compose\ui\ui-desktop\1.8.2\ui-desktop-1.8.2.jar
  .m2.cache\org\jetbrains\compose\ui\ui-tooling-preview-desktop\1.8.2\ui-tooling-preview-desktop-1.8.2.jar
  .m2.cache\org\jetbrains\compose\animation\animation-desktop\1.8.2\animation-desktop-1.8.2.jar
  .m2.cache\org\jetbrains\skiko\skiko-awt\0.9.4.2\skiko-awt-0.9.4.2.jar
  .m2.cache\org\jetbrains\compose\animation\animation-core-desktop\1.8.2\animation-core-desktop-1.8.2.jar
  .m2.cache\org\jetbrains\compose\material\material-ripple-desktop\1.8.2\material-ripple-desktop-1.8.2.jar
  .m2.cache\org\jetbrains\compose\ui\ui-text-desktop\1.8.2\ui-text-desktop-1.8.2.jar
  .m2.cache\org\jetbrains\compose\runtime\runtime-saveable-desktop\1.8.2\runtime-saveable-desktop-1.8.2.jar
  .m2.cache\org\jetbrains\compose\ui\ui-geometry-desktop\1.8.2\ui-geometry-desktop-1.8.2.jar
  .m2.cache\org\jetbrains\compose\ui\ui-graphics-desktop\1.8.2\ui-graphics-desktop-1.8.2.jar
  .m2.cache\org\jetbrains\compose\ui\ui-unit-desktop\1.8.2\ui-unit-desktop-1.8.2.jar
  .m2.cache\org\jetbrains\compose\ui\ui-util-desktop\1.8.2\ui-util-desktop-1.8.2.jar
  .m2.cache\androidx\lifecycle\lifecycle-common-jvm\2.8.5\lifecycle-common-jvm-2.8.5.jar
  .m2.cache\org\jetbrains\compose\foundation\foundation-layout-desktop\1.8.2\foundation-layout-desktop-1.8.2.jar
  .m2.cache\androidx\annotation\annotation-jvm\1.9.1\annotation-jvm-1.9.1.jar
00:03.634 DEBUG :app:compileJvm           JvmCompileTask            compile app -- main
00:03.854 DEBUG :app:compileJvm           ExtractKt                 Skipping extract to C:\Users\lamia\AppData\Local\JetBrains\Amper\extract.cache\5de2c13edf-amazon-corretto-21.0.1.12.1-windows-x64-jdk.zip.92d495.d since flag file C:\Users\lamia\AppData\Local\JetBrains\Amper\extract.cache\5de2c13edf-amazon-corretto-21.0.1.12.1-windows-x64-jdk.zip.92d495.d.flag is correct
00:03.898 DEBUG :app:compileJvm           IncrementalCache          [inc] Input files don't match recorded state in 'E:\app\build\incremental.state\_app_compileJvm-5d9114e703' -> rebuilding
  old: {C:\Users\lamia\AppData\Local\JetBrains\Amper\.m2.cache\androidx\annotation\annotation-jvm\1.9.1\annotation-jvm-1.9.1.jar=size 60577 mtime 2025-12-05T10:38:13.730851Z, C:\Users\lamia\AppData\Local\JetBrains\Amper\.m2.cache\androidx\lifecycle\lifecycle-common-jvm\2.8.5\lifecycle-common-jvm-2.8.5.jar=size 57238 mtime 2025-12-05T10:34:22.1497257Z, C:\Users\lamia\AppData\Local\JetBrains\Amper\.m2.cache\org\jetbrains\annotations\23.0.0\annotations-23.0.0.jar=size 29371 mtime 2025-12-05T10:34:23.2699385Z, C:\Users\lamia\AppData\Local\JetBrains\Amper\.m2.cache\org\jetbrains\compose\animation\animation-core-desktop\1.8.2\animation-core-desktop-1.8.2.jar=size 373054 mtime 2025-12-05T10:38:15.1298381Z, C:\Users\lamia\AppData\Local\JetBrains\Amper\.m2.cache\org\jetbrains\compose\animation\animation-desktop\1.8.2\animation-desktop-1.8.2.jar=size 334268 mtime 2025-12-05T10:38:14.3415085Z, C:\Users\lamia\AppData\Local\JetBrains\Amper\.m2.cache\org\jetbrains\compose\desktop\desktop-jvm\1.8.2\desktop-jvm-1.8.2.jar=size 6045 mtime 2025-12-05T10:38:13.8265971Z, C:\Users\lamia\AppData\Local\JetBrains\Amper\.m2.cache\org\jetbrains\compose\foundation\foundation-desktop\1.8.2\foundation-desktop-1.8.2.jar=size 3796030 mtime 2025-12-05T10:38:17.1822989Z, C:\Users\lamia\AppData\Local\JetBrains\Amper\.m2.cache\org\jetbrains\compose\foundation\foundation-layout-desktop\1.8.2\foundation-layout-desktop-1.8.2.jar=size 573052 mtime 2025-12-05T10:38:14.2663902Z, C:\Users\lamia\AppData\Local\JetBrains\Amper\.m2.cache\org\jetbrains\compose\material\material-desktop\1.8.2\material-desktop-1.8.2.jar=size 1702312 mtime 2025-12-05T10:38:16.1774844Z, C:\Users\lamia\AppData\Local\JetBrains\Amper\.m2.cache\org\jetbrains\compose\material\material-ripple-desktop\1.8.2\material-ripple-desktop-1.8.2.jar=size 72676 mtime 2025-12-05T10:38:14.6292297Z, C:\Users\lamia\AppData\Local\JetBrains\Amper\.m2.cache\org\jetbrains\compose\runtime\runtime-desktop\1.8.2\runtime-desktop-1.8.2.jar=size 1400930 mtime 2025-12-05T10:38:16.0937087Z, C:\Users\lamia\AppData\Local\JetBrains\Amper\.m2.cache\org\jetbrains\compose\runtime\runtime-saveable-desktop\1.8.2\runtime-saveable-desktop-1.8.2.jar=size 41298 mtime 2025-12-05T10:38:15.0384322Z, C:\Users\lamia\AppData\Local\JetBrains\Amper\.m2.cache\org\jetbrains\compose\ui\ui-desktop\1.8.2\ui-desktop-1.8.2.jar=size 3119324 mtime 2025-12-05T10:38:16.7761206Z, C:\Users\lamia\AppData\Local\JetBrains\Amper\.m2.cache\org\jetbrains\compose\ui\ui-geometry-desktop\1.8.2\ui-geometry-desktop-1.8.2.jar=size 56481 mtime 2025-12-05T10:38:15.6429965Z, C:\Users\lamia\AppData\Local\JetBrains\Amper\.m2.cache\org\jetbrains\compose\ui\ui-graphics-desktop\1.8.2\ui-graphics-desktop-1.8.2.jar=size 566040 mtime 2025-12-05T10:38:14.5258214Z, C:\Users\lamia\AppData\Local\JetBrains\Amper\.m2.cache\org\jetbrains\compose\ui\ui-text-desktop\1.8.2\ui-text-desktop-1.8.2.jar=size 700552 mtime 2025-12-05T10:38:15.4924023Z, C:\Users\lamia\AppData\Local\JetBrains\Amper\.m2.cache\org\jetbrains\compose\ui\ui-tooling-preview-desktop\1.8.2\ui-tooling-preview-desktop-1.8.2.jar=size 1868 mtime 2025-12-05T10:38:13.819616Z, C:\Users\lamia\AppData\Local\JetBrains\Amper\.m2.cache\org\jetbrains\compose\ui\ui-unit-desktop\1.8.2\ui-unit-desktop-1.8.2.jar=size 83012 mtime 2025-12-05T10:38:13.9624077Z, C:\Users\lamia\AppData\Local\JetBrains\Amper\.m2.cache\org\jetbrains\compose\ui\ui-util-desktop\1.8.2\ui-util-desktop-1.8.2.jar=size 16970 mtime 2025-12-05T10:38:14.9605837Z, C:\Users\lamia\AppData\Local\JetBrains\Amper\.m2.cache\org\jetbrains\kotlin\kotlin-stdlib\2.2.21\kotlin-stdlib-2.2.21.jar=size 1761445 mtime 2025-12-05T10:38:13.7657604Z, C:\Users\lamia\AppData\Local\JetBrains\Amper\.m2.cache\org\jetbrains\kotlinx\kotlinx-coroutines-core-jvm\1.8.0\kotlinx-coroutines-core-jvm-1.8.0.jar=size 1548360 mtime 2025-12-05T10:34:20.278198Z, C:\Users\lamia\AppData\Local\JetBrains\Amper\.m2.cache\org\jetbrains\skiko\skiko-awt\0.9.4.2\skiko-awt-0.9.4.2.jar=size 1249143 mtime 2025-12-05T10:38:15.5612158Z, E:\app\build\artifacts\JvmResourcesDirArtifact\appmain=MISSING, E:\app\build\generated\app\main\src\compose\resources\accessors=MISSING, E:\app\build\generated\app\main\src\compose\resources\collectors=MISSING, E:\app\build\generated\app\main\src\compose\resources\commonResClass=MISSING, E:\app\resources=MISSING, E:\app\src\OnboardingScreen.kt=size 6815 mtime 2025-12-06T01:17:36Z, E:\app\src\main.kt=size 424 mtime 2025-12-05T11:03:40Z, E:\app\src\resources=EMPTY DIR}
  new: {E:\app\src\main.kt=size 424 mtime 2025-12-05T11:03:40Z, E:\app\src\OnboardingScreen.kt=size 6819 mtime 2025-12-06T01:18:48Z, E:\app\src\resources=EMPTY DIR, E:\app\build\generated\app\main\src\compose\resources\commonResClass=MISSING, E:\app\build\generated\app\main\src\compose\resources\accessors=MISSING, E:\app\build\generated\app\main\src\compose\resources\collectors=MISSING, E:\app\resources=MISSING, E:\app\build\artifacts\JvmResourcesDirArtifact\appmain=MISSING, C:\Users\lamia\AppData\Local\JetBrains\Amper\.m2.cache\org\jetbrains\kotlin\kotlin-stdlib\2.2.21\kotlin-stdlib-2.2.21.jar=size 1761445 mtime 2025-12-05T10:38:13.7657604Z, C:\Users\lamia\AppData\Local\JetBrains\Amper\.m2.cache\org\jetbrains\annotations\23.0.0\annotations-23.0.0.jar=size 29371 mtime 2025-12-05T10:34:23.2699385Z, C:\Users\lamia\AppData\Local\JetBrains\Amper\.m2.cache\org\jetbrains\compose\runtime\runtime-desktop\1.8.2\runtime-desktop-1.8.2.jar=size 1400930 mtime 2025-12-05T10:38:16.0937087Z, C:\Users\lamia\AppData\Local\JetBrains\Amper\.m2.cache\org\jetbrains\compose\desktop\desktop-jvm\1.8.2\desktop-jvm-1.8.2.jar=size 6045 mtime 2025-12-05T10:38:13.8265971Z, C:\Users\lamia\AppData\Local\JetBrains\Amper\.m2.cache\org\jetbrains\kotlinx\kotlinx-coroutines-core-jvm\1.8.0\kotlinx-coroutines-core-jvm-1.8.0.jar=size 1548360 mtime 2025-12-05T10:34:20.278198Z, C:\Users\lamia\AppData\Local\JetBrains\Amper\.m2.cache\org\jetbrains\compose\foundation\foundation-desktop\1.8.2\foundation-desktop-1.8.2.jar=size 3796030 mtime 2025-12-05T10:38:17.1822989Z, C:\Users\lamia\AppData\Local\JetBrains\Amper\.m2.cache\org\jetbrains\compose\material\material-desktop\1.8.2\material-desktop-1.8.2.jar=size 1702312 mtime 2025-12-05T10:38:16.1774844Z, C:\Users\lamia\AppData\Local\JetBrains\Amper\.m2.cache\org\jetbrains\compose\ui\ui-desktop\1.8.2\ui-desktop-1.8.2.jar=size 3119324 mtime 2025-12-05T10:38:16.7761206Z, C:\Users\lamia\AppData\Local\JetBrains\Amper\.m2.cache\org\jetbrains\compose\ui\ui-tooling-preview-desktop\1.8.2\ui-tooling-preview-desktop-1.8.2.jar=size 1868 mtime 2025-12-05T10:38:13.819616Z, C:\Users\lamia\AppData\Local\JetBrains\Amper\.m2.cache\org\jetbrains\compose\animation\animation-desktop\1.8.2\animation-desktop-1.8.2.jar=size 334268 mtime 2025-12-05T10:38:14.3415085Z, C:\Users\lamia\AppData\Local\JetBrains\Amper\.m2.cache\org\jetbrains\skiko\skiko-awt\0.9.4.2\skiko-awt-0.9.4.2.jar=size 1249143 mtime 2025-12-05T10:38:15.5612158Z, C:\Users\lamia\AppData\Local\JetBrains\Amper\.m2.cache\org\jetbrains\compose\animation\animation-core-desktop\1.8.2\animation-core-desktop-1.8.2.jar=size 373054 mtime 2025-12-05T10:38:15.1298381Z, C:\Users\lamia\AppData\Local\JetBrains\Amper\.m2.cache\org\jetbrains\compose\material\material-ripple-desktop\1.8.2\material-ripple-desktop-1.8.2.jar=size 72676 mtime 2025-12-05T10:38:14.6292297Z, C:\Users\lamia\AppData\Local\JetBrains\Amper\.m2.cache\org\jetbrains\compose\ui\ui-text-desktop\1.8.2\ui-text-desktop-1.8.2.jar=size 700552 mtime 2025-12-05T10:38:15.4924023Z, C:\Users\lamia\AppData\Local\JetBrains\Amper\.m2.cache\org\jetbrains\compose\runtime\runtime-saveable-desktop\1.8.2\runtime-saveable-desktop-1.8.2.jar=size 41298 mtime 2025-12-05T10:38:15.0384322Z, C:\Users\lamia\AppData\Local\JetBrains\Amper\.m2.cache\org\jetbrains\compose\ui\ui-geometry-desktop\1.8.2\ui-geometry-desktop-1.8.2.jar=size 56481 mtime 2025-12-05T10:38:15.6429965Z, C:\Users\lamia\AppData\Local\JetBrains\Amper\.m2.cache\org\jetbrains\compose\ui\ui-graphics-desktop\1.8.2\ui-graphics-desktop-1.8.2.jar=size 566040 mtime 2025-12-05T10:38:14.5258214Z, C:\Users\lamia\AppData\Local\JetBrains\Amper\.m2.cache\org\jetbrains\compose\ui\ui-unit-desktop\1.8.2\ui-unit-desktop-1.8.2.jar=size 83012 mtime 2025-12-05T10:38:13.9624077Z, C:\Users\lamia\AppData\Local\JetBrains\Amper\.m2.cache\org\jetbrains\compose\ui\ui-util-desktop\1.8.2\ui-util-desktop-1.8.2.jar=size 16970 mtime 2025-12-05T10:38:14.9605837Z, C:\Users\lamia\AppData\Local\JetBrains\Amper\.m2.cache\androidx\lifecycle\lifecycle-common-jvm\2.8.5\lifecycle-common-jvm-2.8.5.jar=size 57238 mtime 2025-12-05T10:34:22.1497257Z, C:\Users\lamia\AppData\Local\JetBrains\Amper\.m2.cache\org\jetbrains\compose\foundation\foundation-layout-desktop\1.8.2\foundation-layout-desktop-1.8.2.jar=size 573052 mtime 2025-12-05T10:38:14.2663902Z, C:\Users\lamia\AppData\Local\JetBrains\Amper\.m2.cache\androidx\annotation\annotation-jvm\1.9.1\annotation-jvm-1.9.1.jar=size 60577 mtime 2025-12-05T10:38:13.730851Z}
00:03.898 DEBUG :app:compileJvm           IncrementalCache          [inc] building ':app:compileJvm'
00:03.954 DEBUG :app:compileJvm           IncrementalCache          [inc] up-to-date according to state file at 'E:\app\build\incremental.state\resolve-org.jetbrains.kotlin-kotlin-build-tools-im-439d3d0dbf' in 2.052100ms
00:03.954 DEBUG :app:compileJvm           IncrementalCache          [inc] 'resolve-org.jetbrains.kotlin-kotlin-build-tools-impl-2.2.21' is up-to-date
00:03.997 DEBUG :app:compileJvm           IncrementalCache          [inc] up-to-date according to state file at 'E:\app\build\incremental.state\resolve-org.jetbrains.kotlin-kotlin-compose-compil-038c518465' in 837.5us
00:03.998 DEBUG :app:compileJvm           IncrementalCache          [inc] 'resolve-org.jetbrains.kotlin-kotlin-compose-compiler-plugin-embeddable-2.2.21' is up-to-date
00:04.005 INFO  :app:compileJvm           JvmCompileTask            Compiling module 'app' for platform 'jvm'...
00:04.023 DEBUG :app:compileJvm           KotlinBuildToolsApiKt     Compiling using the in-process strategy
00:04.337 DEBUG :app:compileJvm           KotlinBuildToolsApiKt     Using Kotlin home directory <no_path>
00:04.378 DEBUG :app:compileJvm           KotlinBuildToolsApiKt     Configuring the compilation environment
00:04.571 DEBUG :app:compileJvm           KotlinBuildToolsApiKt     Using JDK home directory C:\Users\lamia\AppData\Local\JetBrains\Amper\extract.cache\5de2c13edf-amazon-corretto-21.0.1.12.1-windows-x64-jdk.zip.92d495.d
00:05.975 DEBUG :app:compileJvm           KotlinBuildToolsApiKt     Loading modules: [java.se, jdk.accessibility, jdk.attach, jdk.compiler, jdk.dynalink, jdk.httpserver, jdk.incubator.vector, jdk.jartool, jdk.javadoc, jdk.jconsole, jdk.jdi, jdk.jfr, jdk.jshell, jdk.jsobject, jdk.management, jdk.management.jfr, jdk.net, jdk.nio.mapmode, jdk.sctp, jdk.security.auth, jdk.security.jgss, jdk.unsupported, jdk.unsupported.desktop, jdk.xml.dom, java.base, java.compiler, java.datatransfer, java.desktop, java.xml, java.instrument, java.logging, java.management, java.management.rmi, java.rmi, java.naming, java.net.http, java.prefs, java.scripting, java.security.jgss, java.security.sasl, java.sql, java.transaction.xa, java.sql.rowset, java.xml.crypto, jdk.internal.jvmstat, jdk.internal.opt, jdk.zipfs, jdk.management.agent, jdk.jdwp.agent, jdk.internal.ed, jdk.internal.le]
00:11.382 ERROR :app:compileJvm           KotlinBuildToolsApiKt     file:///E:/app/src/OnboardingScreen.kt:99:13 Unresolved reference 'PageIndicator'.
00:11.384 ERROR :app:compileJvm           KotlinBuildToolsApiKt     file:///E:/app/src/OnboardingScreen.kt:101:13 Unresolved reference 'PageIndicator'.
00:11.385 ERROR :app:compileJvm           KotlinBuildToolsApiKt     file:///E:/app/src/OnboardingScreen.kt:103:13 Unresolved reference 'PageIndicator'.
00:11.401 DEBUG :app:compileJvm           JvmCompileTask            Kotlin compiler finalization...
