JetBrains Amper version 0.9.1 (7164273, 2025-11-28)
running on Windows 10 10.0 jvm arch amd64

00:06.883 DEBUG :app:resolveDependenciesJvm ResolveExternalDependenciesTask resolve dependencies app -- main -- org.jetbrains.compose.desktop:desktop-jvm-windows-x64:1.8.2 org.jetbrains.compose.material:material-icons-extended-desktop:1.6.0 org.jetbrains.compose.runtime:runtime:1.8.2 org.jetbrains.kotlin:kotlin-stdlib:2.2.21 -- resolvePlatform=jvm nativeTarget=null wasmTarget=null
00:06.883 DEBUG :generated\app\main\src\compose\resources\commonResClass IncrementalCache          [inc] up-to-date according to state file at 'E:\app\build\incremental.state\_generated_app_main_src_compose_resources_commonRe-54d53be939' in 17.273400ms
00:06.889 DEBUG :generated\app\main\src\compose\resources\commonResClass IncrementalCache          [inc] ':generated\app\main\src\compose\resources\commonResClass' is up-to-date
00:06.883 DEBUG :artifacts\PreparedComposeResourcesDirArtifact\appmain IncrementalCache          [inc] up-to-date according to state file at 'E:\app\build\incremental.state\_artifacts_PreparedComposeResourcesDirArtifact_app-d0751f6123' in 10.014800ms
00:06.898 DEBUG :artifacts\PreparedComposeResourcesDirArtifact\appmain IncrementalCache          [inc] ':artifacts\PreparedComposeResourcesDirArtifact\appmain' is up-to-date
00:06.919 DEBUG :app:prepareComposeResourcesForJvmMain IncrementalCache          [inc] up-to-date according to state file at 'E:\app\build\incremental.state\_app_prepareComposeResourcesForJvmMain-394721c199' in 5.262ms
00:06.922 DEBUG :app:prepareComposeResourcesForJvmMain IncrementalCache          [inc] ':app:prepareComposeResourcesForJvmMain' is up-to-date
00:06.948 DEBUG :generated\app\main\src\compose\resources\accessors IncrementalCache          [inc] up-to-date according to state file at 'E:\app\build\incremental.state\_generated_app_main_src_compose_resources_accessor-0bf8dfa386' in 2.279ms
00:06.948 DEBUG :generated\app\main\src\compose\resources\accessors IncrementalCache          [inc] ':generated\app\main\src\compose\resources\accessors' is up-to-date
00:06.965 DEBUG :app:resolveDependenciesJvm IncrementalCache          [inc] Input values don't match recorded state in E:\app\build\incremental.state\_app_resolveDependenciesJvm-ba82a87db8 -> rebuilding
  old: {compileDependencies=org.jetbrains.compose.desktop:desktop-jvm-windows-x64:1.8.2|org.jetbrains.compose.runtime:runtime:1.8.2|org.jetbrains.kotlin:kotlin-stdlib:2.2.21, repositories=https://repo1.maven.org/maven2|https://maven.google.com|https://maven.pkg.jetbrains.space/public/p/compose/dev, resolveNativeTarget=, resolvePlatform=jvm, resolveWasmTarget=, runtimeDependencies=org.jetbrains.compose.desktop:desktop-jvm-windows-x64:1.8.2|org.jetbrains.compose.runtime:runtime:1.8.2|org.jetbrains.kotlin:kotlin-stdlib:2.2.21, userCacheRoot=C:\Users\lamia\AppData\Local\JetBrains\Amper}
  new: {userCacheRoot=C:\Users\lamia\AppData\Local\JetBrains\Amper, compileDependencies=org.jetbrains.compose.desktop:desktop-jvm-windows-x64:1.8.2|org.jetbrains.compose.material:material-icons-extended-desktop:1.6.0|org.jetbrains.compose.runtime:runtime:1.8.2|org.jetbrains.kotlin:kotlin-stdlib:2.2.21, runtimeDependencies=org.jetbrains.compose.desktop:desktop-jvm-windows-x64:1.8.2|org.jetbrains.compose.material:material-icons-extended-desktop:1.6.0|org.jetbrains.compose.runtime:runtime:1.8.2|org.jetbrains.kotlin:kotlin-stdlib:2.2.21, repositories=https://repo1.maven.org/maven2|https://maven.google.com|https://maven.pkg.jetbrains.space/public/p/compose/dev, resolvePlatform=jvm, resolveNativeTarget=, resolveWasmTarget=}
00:06.965 DEBUG :app:resolveDependenciesJvm IncrementalCache          [inc] building ':app:resolveDependenciesJvm'
00:06.982 DEBUG :generated\app\main\src\compose\resources\collectors IncrementalCache          [inc] up-to-date according to state file at 'E:\app\build\incremental.state\_generated_app_main_src_compose_resources_collecto-2e587b1008' in 1.727600ms
00:06.982 DEBUG :generated\app\main\src\compose\resources\collectors IncrementalCache          [inc] ':generated\app\main\src\compose\resources\collectors' is up-to-date
00:07.122 DEBUG :app:resolveDependenciesJvm IncrementalCache          [inc] Input values don't match recorded state in E:\app\build\incremental.state\Module_dependencies_graph_E__app_JVM_false_Resolut-1d98402830 -> rebuilding
  old: {dependencies=E:\app,ResolutionConfigPlain(scope=COMPILE, platforms=[JVM], repositories=[https://repo1.maven.org/maven2, https://maven.google.com, https://maven.pkg.jetbrains.space/public/p/compose/dev])|E:\app,ResolutionConfigPlain(scope=RUNTIME, platforms=[JVM], repositories=[https://repo1.maven.org/maven2, https://maven.google.com, https://maven.pkg.jetbrains.space/public/p/compose/dev])|E:\app,main|E:\app,main|E:\app,main|E:\app,main|E:\app,main|E:\app,main|org.jetbrains.compose.desktop:desktop-jvm-windows-x64:1.8.2,false|org.jetbrains.kotlin:kotlin-stdlib:2.2.21,false|org.jetbrains.compose.runtime:runtime:1.8.2,false|org.jetbrains.compose.desktop:desktop-jvm-windows-x64:1.8.2,false|org.jetbrains.kotlin:kotlin-stdlib:2.2.21,false|org.jetbrains.compose.runtime:runtime:1.8.2,false, userCacheRoot=C:\Users\lamia\AppData\Local\JetBrains\Amper}
  new: {userCacheRoot=C:\Users\lamia\AppData\Local\JetBrains\Amper, dependencies=E:\app,ResolutionConfigPlain(scope=COMPILE, platforms=[JVM], repositories=[https://repo1.maven.org/maven2, https://maven.google.com, https://maven.pkg.jetbrains.space/public/p/compose/dev])|E:\app,ResolutionConfigPlain(scope=RUNTIME, platforms=[JVM], repositories=[https://repo1.maven.org/maven2, https://maven.google.com, https://maven.pkg.jetbrains.space/public/p/compose/dev])|E:\app,main|E:\app,main|E:\app,main|E:\app,main|E:\app,main|E:\app,main|E:\app,main|E:\app,main|org.jetbrains.compose.desktop:desktop-jvm-windows-x64:1.8.2,false|org.jetbrains.compose.material:material-icons-extended-desktop:1.6.0,false|org.jetbrains.kotlin:kotlin-stdlib:2.2.21,false|org.jetbrains.compose.runtime:runtime:1.8.2,false|org.jetbrains.compose.desktop:desktop-jvm-windows-x64:1.8.2,false|org.jetbrains.compose.material:material-icons-extended-desktop:1.6.0,false|org.jetbrains.kotlin:kotlin-stdlib:2.2.21,false|org.jetbrains.compose.runtime:runtime:1.8.2,false}
00:07.123 DEBUG :app:resolveDependenciesJvm IncrementalCache          [inc] building 'Module dependencies graph,E:\app,JVM,false,ResolutionConfigPlain(scope=COMPILE, platforms=[JVM], repositories=[https://repo1.maven.org/maven2]),false,true,NETWORK'
00:13.126 DEBUG :app:resolveDependenciesJvm DependencyFileImpl        Not found URL: https://repo1.maven.org/maven2/org/jetbrains/kotlin/kotlin-stdlib-common/2.2.21/kotlin-stdlib-common-2.2.21.pom.sha512
00:33.536 DEBUG :app:resolveDependenciesJvm DependencyFileImpl        Not found URL: https://maven.google.com/org/jetbrains/kotlin/kotlin-stdlib-common/2.2.21/kotlin-stdlib-common-2.2.21.pom.sha512
00:33.748 DEBUG :app:resolveDependenciesJvm DependencyFileImpl        Not found URL: https://maven.pkg.jetbrains.space/public/p/compose/dev/org/jetbrains/kotlin/kotlin-stdlib-common/2.2.21/kotlin-stdlib-common-2.2.21.pom.sha512
00:33.810 DEBUG :app:resolveDependenciesJvm DependencyFileImpl        Not found URL: https://repo1.maven.org/maven2/org/jetbrains/kotlin/kotlin-stdlib-common/2.2.21/kotlin-stdlib-common-2.2.21.pom.sha256
00:33.892 DEBUG :app:resolveDependenciesJvm DependencyFileImpl        Not found URL: https://maven.google.com/org/jetbrains/kotlin/kotlin-stdlib-common/2.2.21/kotlin-stdlib-common-2.2.21.pom.sha256
00:33.944 DEBUG :app:resolveDependenciesJvm DependencyFileImpl        Not found URL: https://maven.pkg.jetbrains.space/public/p/compose/dev/org/jetbrains/kotlin/kotlin-stdlib-common/2.2.21/kotlin-stdlib-common-2.2.21.pom.sha256
00:33.987 DEBUG :app:resolveDependenciesJvm DependencyFileImpl        Downloaded https://repo1.maven.org/maven2/org/jetbrains/kotlin/kotlin-stdlib-common/2.2.21/kotlin-stdlib-common-2.2.21.pom.sha1 for the dependency org.jetbrains.kotlin:kotlin-stdlib-common:2.2.21
00:34.117 DEBUG :app:resolveDependenciesJvm DependencyFileImpl        Not found URL: https://repo1.maven.org/maven2/org/jetbrains/kotlin/kotlin-stdlib-common/2.2.21/kotlin-stdlib-common-2.2.21.module.sha512
00:34.193 DEBUG :app:resolveDependenciesJvm DependencyFileImpl        Not found URL: https://maven.google.com/org/jetbrains/kotlin/kotlin-stdlib-common/2.2.21/kotlin-stdlib-common-2.2.21.module.sha512
00:34.243 DEBUG :app:resolveDependenciesJvm DependencyFileImpl        Not found URL: https://maven.pkg.jetbrains.space/public/p/compose/dev/org/jetbrains/kotlin/kotlin-stdlib-common/2.2.21/kotlin-stdlib-common-2.2.21.module.sha512
00:34.280 DEBUG :app:resolveDependenciesJvm DependencyFileImpl        Not found URL: https://repo1.maven.org/maven2/org/jetbrains/kotlin/kotlin-stdlib-common/2.2.21/kotlin-stdlib-common-2.2.21.module.sha256
00:34.359 DEBUG :app:resolveDependenciesJvm DependencyFileImpl        Not found URL: https://maven.google.com/org/jetbrains/kotlin/kotlin-stdlib-common/2.2.21/kotlin-stdlib-common-2.2.21.module.sha256
00:34.403 DEBUG :app:resolveDependenciesJvm DependencyFileImpl        Not found URL: https://maven.pkg.jetbrains.space/public/p/compose/dev/org/jetbrains/kotlin/kotlin-stdlib-common/2.2.21/kotlin-stdlib-common-2.2.21.module.sha256
00:34.441 DEBUG :app:resolveDependenciesJvm DependencyFileImpl        Downloaded https://repo1.maven.org/maven2/org/jetbrains/kotlin/kotlin-stdlib-common/2.2.21/kotlin-stdlib-common-2.2.21.module.sha1 for the dependency org.jetbrains.kotlin:kotlin-stdlib-common:2.2.21
00:36.290 DEBUG :app:resolveDependenciesJvm IncrementalCache          [inc] finished 'Module dependencies graph,E:\app,JVM,false,ResolutionConfigPlain(scope=COMPILE, platforms=[JVM], repositories=[https://repo1.maven.org/maven2]),false,true,NETWORK' in 29.165909400s
00:36.350 DEBUG :app:resolveDependenciesJvm IncrementalCache          [inc] 'Module dependencies graph,E:\app,JVM,false,ResolutionConfigPlain(scope=COMPILE, platforms=[JVM], repositories=[https://repo1.maven.org/maven2]),false,true,NETWORK' changes: 'C:\Users\lamia\AppData\Local\JetBrains\Amper\.m2.cache\org\jetbrains\compose\material\material-icons-extended-desktop\1.6.0\material-icons-extended-desktop-1.6.0.jar' CREATED, 'C:\Users\lamia\AppData\Local\JetBrains\Amper\.m2.cache\org\jetbrains\compose\material\material-icons-core-desktop\1.6.0\material-icons-core-desktop-1.6.0.jar' CREATED
00:36.381 DEBUG :app:resolveDependenciesJvm IncrementalCache          [inc] finished ':app:resolveDependenciesJvm' in 29.415336900s
00:36.408 DEBUG :app:resolveDependenciesJvm IncrementalCache          [inc] ':app:resolveDependenciesJvm' changes: 'C:\Users\lamia\AppData\Local\JetBrains\Amper\.m2.cache\org\jetbrains\compose\material\material-icons-core-desktop\1.6.0\material-icons-core-desktop-1.6.0.jar' CREATED, 'C:\Users\lamia\AppData\Local\JetBrains\Amper\.m2.cache\org\jetbrains\compose\material\material-icons-extended-desktop\1.6.0\material-icons-extended-desktop-1.6.0.jar' CREATED
00:36.414 DEBUG :app:resolveDependenciesJvm ResolveExternalDependenciesTask resolve dependencies app -- main -- org.jetbrains.compose.desktop:desktop-jvm-windows-x64:1.8.2 org.jetbrains.compose.material:material-icons-extended-desktop:1.6.0 org.jetbrains.compose.runtime:runtime:1.8.2 org.jetbrains.kotlin:kotlin-stdlib:2.2.21 -- resolvePlatform=JVM nativeTarget=null
wasmTarget=null
https://repo1.maven.org/maven2 https://maven.google.com https://maven.pkg.jetbrains.space/public/p/compose/dev resolved to:
  .m2.cache\org\jetbrains\compose\material\material-icons-extended-desktop\1.6.0\material-icons-extended-desktop-1.6.0.jar
  .m2.cache\org\jetbrains\kotlin\kotlin-stdlib\2.2.21\kotlin-stdlib-2.2.21.jar
  .m2.cache\org\jetbrains\annotations\23.0.0\annotations-23.0.0.jar
  .m2.cache\org\jetbrains\compose\runtime\runtime-desktop\1.8.2\runtime-desktop-1.8.2.jar
  .m2.cache\org\jetbrains\compose\desktop\desktop-jvm\1.8.2\desktop-jvm-1.8.2.jar
  .m2.cache\org\jetbrains\compose\material\material-icons-core-desktop\1.6.0\material-icons-core-desktop-1.6.0.jar
  .m2.cache\org\jetbrains\kotlinx\kotlinx-coroutines-core-jvm\1.8.0\kotlinx-coroutines-core-jvm-1.8.0.jar
  .m2.cache\org\jetbrains\compose\foundation\foundation-desktop\1.8.2\foundation-desktop-1.8.2.jar
  .m2.cache\org\jetbrains\compose\material\material-desktop\1.8.2\material-desktop-1.8.2.jar
  .m2.cache\org\jetbrains\compose\ui\ui-desktop\1.8.2\ui-desktop-1.8.2.jar
  .m2.cache\org\jetbrains\compose\ui\ui-tooling-preview-desktop\1.8.2\ui-tooling-preview-desktop-1.8.2.jar
  .m2.cache\org\jetbrains\compose\animation\animation-desktop\1.8.2\animation-desktop-1.8.2.jar
  .m2.cache\org\jetbrains\skiko\skiko-awt\0.9.4.2\skiko-awt-0.9.4.2.jar
  .m2.cache\org\jetbrains\compose\animation\animation-core-desktop\1.8.2\animation-core-desktop-1.8.2.jar
  .m2.cache\org\jetbrains\compose\material\material-ripple-desktop\1.8.2\material-ripple-desktop-1.8.2.jar
  .m2.cache\org\jetbrains\compose\ui\ui-text-desktop\1.8.2\ui-text-desktop-1.8.2.jar
  .m2.cache\org\jetbrains\compose\runtime\runtime-saveable-desktop\1.8.2\runtime-saveable-desktop-1.8.2.jar
  .m2.cache\org\jetbrains\compose\ui\ui-geometry-desktop\1.8.2\ui-geometry-desktop-1.8.2.jar
  .m2.cache\org\jetbrains\compose\ui\ui-graphics-desktop\1.8.2\ui-graphics-desktop-1.8.2.jar
  .m2.cache\org\jetbrains\compose\ui\ui-unit-desktop\1.8.2\ui-unit-desktop-1.8.2.jar
  .m2.cache\org\jetbrains\compose\ui\ui-util-desktop\1.8.2\ui-util-desktop-1.8.2.jar
  .m2.cache\androidx\lifecycle\lifecycle-common-jvm\2.8.5\lifecycle-common-jvm-2.8.5.jar
  .m2.cache\org\jetbrains\compose\foundation\foundation-layout-desktop\1.8.2\foundation-layout-desktop-1.8.2.jar
  .m2.cache\androidx\annotation\annotation-jvm\1.9.1\annotation-jvm-1.9.1.jar
00:36.417 DEBUG :app:compileJvm           JvmCompileTask            compile app -- main
00:36.701 DEBUG :app:compileJvm           ExtractKt                 Skipping extract to C:\Users\lamia\AppData\Local\JetBrains\Amper\extract.cache\5de2c13edf-amazon-corretto-21.0.1.12.1-windows-x64-jdk.zip.92d495.d since flag file C:\Users\lamia\AppData\Local\JetBrains\Amper\extract.cache\5de2c13edf-amazon-corretto-21.0.1.12.1-windows-x64-jdk.zip.92d495.d.flag is correct
00:36.720 DEBUG :app:compileJvm           IncrementalCache          [inc] Input files list doesn't match recorded state in 'E:\app\build\incremental.state\_app_compileJvm-5d9114e703' -> rebuilding
  old: [C:\Users\lamia\AppData\Local\JetBrains\Amper\.m2.cache\androidx\annotation\annotation-jvm\1.9.1\annotation-jvm-1.9.1.jar, C:\Users\lamia\AppData\Local\JetBrains\Amper\.m2.cache\androidx\lifecycle\lifecycle-common-jvm\2.8.5\lifecycle-common-jvm-2.8.5.jar, C:\Users\lamia\AppData\Local\JetBrains\Amper\.m2.cache\org\jetbrains\annotations\23.0.0\annotations-23.0.0.jar, C:\Users\lamia\AppData\Local\JetBrains\Amper\.m2.cache\org\jetbrains\compose\animation\animation-core-desktop\1.8.2\animation-core-desktop-1.8.2.jar, C:\Users\lamia\AppData\Local\JetBrains\Amper\.m2.cache\org\jetbrains\compose\animation\animation-desktop\1.8.2\animation-desktop-1.8.2.jar, C:\Users\lamia\AppData\Local\JetBrains\Amper\.m2.cache\org\jetbrains\compose\desktop\desktop-jvm\1.8.2\desktop-jvm-1.8.2.jar, C:\Users\lamia\AppData\Local\JetBrains\Amper\.m2.cache\org\jetbrains\compose\foundation\foundation-desktop\1.8.2\foundation-desktop-1.8.2.jar, C:\Users\lamia\AppData\Local\JetBrains\Amper\.m2.cache\org\jetbrains\compose\foundation\foundation-layout-desktop\1.8.2\foundation-layout-desktop-1.8.2.jar, C:\Users\lamia\AppData\Local\JetBrains\Amper\.m2.cache\org\jetbrains\compose\material\material-desktop\1.8.2\material-desktop-1.8.2.jar, C:\Users\lamia\AppData\Local\JetBrains\Amper\.m2.cache\org\jetbrains\compose\material\material-ripple-desktop\1.8.2\material-ripple-desktop-1.8.2.jar, C:\Users\lamia\AppData\Local\JetBrains\Amper\.m2.cache\org\jetbrains\compose\runtime\runtime-desktop\1.8.2\runtime-desktop-1.8.2.jar, C:\Users\lamia\AppData\Local\JetBrains\Amper\.m2.cache\org\jetbrains\compose\runtime\runtime-saveable-desktop\1.8.2\runtime-saveable-desktop-1.8.2.jar, C:\Users\lamia\AppData\Local\JetBrains\Amper\.m2.cache\org\jetbrains\compose\ui\ui-desktop\1.8.2\ui-desktop-1.8.2.jar, C:\Users\lamia\AppData\Local\JetBrains\Amper\.m2.cache\org\jetbrains\compose\ui\ui-geometry-desktop\1.8.2\ui-geometry-desktop-1.8.2.jar, C:\Users\lamia\AppData\Local\JetBrains\Amper\.m2.cache\org\jetbrains\compose\ui\ui-graphics-desktop\1.8.2\ui-graphics-desktop-1.8.2.jar, C:\Users\lamia\AppData\Local\JetBrains\Amper\.m2.cache\org\jetbrains\compose\ui\ui-text-desktop\1.8.2\ui-text-desktop-1.8.2.jar, C:\Users\lamia\AppData\Local\JetBrains\Amper\.m2.cache\org\jetbrains\compose\ui\ui-tooling-preview-desktop\1.8.2\ui-tooling-preview-desktop-1.8.2.jar, C:\Users\lamia\AppData\Local\JetBrains\Amper\.m2.cache\org\jetbrains\compose\ui\ui-unit-desktop\1.8.2\ui-unit-desktop-1.8.2.jar, C:\Users\lamia\AppData\Local\JetBrains\Amper\.m2.cache\org\jetbrains\compose\ui\ui-util-desktop\1.8.2\ui-util-desktop-1.8.2.jar, C:\Users\lamia\AppData\Local\JetBrains\Amper\.m2.cache\org\jetbrains\kotlin\kotlin-stdlib\2.2.21\kotlin-stdlib-2.2.21.jar, C:\Users\lamia\AppData\Local\JetBrains\Amper\.m2.cache\org\jetbrains\kotlinx\kotlinx-coroutines-core-jvm\1.8.0\kotlinx-coroutines-core-jvm-1.8.0.jar, C:\Users\lamia\AppData\Local\JetBrains\Amper\.m2.cache\org\jetbrains\skiko\skiko-awt\0.9.4.2\skiko-awt-0.9.4.2.jar, E:\app\build\artifacts\JvmResourcesDirArtifact\appmain, E:\app\build\generated\app\main\src\compose\resources\accessors, E:\app\build\generated\app\main\src\compose\resources\collectors, E:\app\build\generated\app\main\src\compose\resources\commonResClass, E:\app\resources, E:\app\src]
  new: [C:\Users\lamia\AppData\Local\JetBrains\Amper\.m2.cache\androidx\annotation\annotation-jvm\1.9.1\annotation-jvm-1.9.1.jar, C:\Users\lamia\AppData\Local\JetBrains\Amper\.m2.cache\androidx\lifecycle\lifecycle-common-jvm\2.8.5\lifecycle-common-jvm-2.8.5.jar, C:\Users\lamia\AppData\Local\JetBrains\Amper\.m2.cache\org\jetbrains\annotations\23.0.0\annotations-23.0.0.jar, C:\Users\lamia\AppData\Local\JetBrains\Amper\.m2.cache\org\jetbrains\compose\animation\animation-core-desktop\1.8.2\animation-core-desktop-1.8.2.jar, C:\Users\lamia\AppData\Local\JetBrains\Amper\.m2.cache\org\jetbrains\compose\animation\animation-desktop\1.8.2\animation-desktop-1.8.2.jar, C:\Users\lamia\AppData\Local\JetBrains\Amper\.m2.cache\org\jetbrains\compose\desktop\desktop-jvm\1.8.2\desktop-jvm-1.8.2.jar, C:\Users\lamia\AppData\Local\JetBrains\Amper\.m2.cache\org\jetbrains\compose\foundation\foundation-desktop\1.8.2\foundation-desktop-1.8.2.jar, C:\Users\lamia\AppData\Local\JetBrains\Amper\.m2.cache\org\jetbrains\compose\foundation\foundation-layout-desktop\1.8.2\foundation-layout-desktop-1.8.2.jar, C:\Users\lamia\AppData\Local\JetBrains\Amper\.m2.cache\org\jetbrains\compose\material\material-desktop\1.8.2\material-desktop-1.8.2.jar, C:\Users\lamia\AppData\Local\JetBrains\Amper\.m2.cache\org\jetbrains\compose\material\material-icons-core-desktop\1.6.0\material-icons-core-desktop-1.6.0.jar, C:\Users\lamia\AppData\Local\JetBrains\Amper\.m2.cache\org\jetbrains\compose\material\material-icons-extended-desktop\1.6.0\material-icons-extended-desktop-1.6.0.jar, C:\Users\lamia\AppData\Local\JetBrains\Amper\.m2.cache\org\jetbrains\compose\material\material-ripple-desktop\1.8.2\material-ripple-desktop-1.8.2.jar, C:\Users\lamia\AppData\Local\JetBrains\Amper\.m2.cache\org\jetbrains\compose\runtime\runtime-desktop\1.8.2\runtime-desktop-1.8.2.jar, C:\Users\lamia\AppData\Local\JetBrains\Amper\.m2.cache\org\jetbrains\compose\runtime\runtime-saveable-desktop\1.8.2\runtime-saveable-desktop-1.8.2.jar, C:\Users\lamia\AppData\Local\JetBrains\Amper\.m2.cache\org\jetbrains\compose\ui\ui-desktop\1.8.2\ui-desktop-1.8.2.jar, C:\Users\lamia\AppData\Local\JetBrains\Amper\.m2.cache\org\jetbrains\compose\ui\ui-geometry-desktop\1.8.2\ui-geometry-desktop-1.8.2.jar, C:\Users\lamia\AppData\Local\JetBrains\Amper\.m2.cache\org\jetbrains\compose\ui\ui-graphics-desktop\1.8.2\ui-graphics-desktop-1.8.2.jar, C:\Users\lamia\AppData\Local\JetBrains\Amper\.m2.cache\org\jetbrains\compose\ui\ui-text-desktop\1.8.2\ui-text-desktop-1.8.2.jar, C:\Users\lamia\AppData\Local\JetBrains\Amper\.m2.cache\org\jetbrains\compose\ui\ui-tooling-preview-desktop\1.8.2\ui-tooling-preview-desktop-1.8.2.jar, C:\Users\lamia\AppData\Local\JetBrains\Amper\.m2.cache\org\jetbrains\compose\ui\ui-unit-desktop\1.8.2\ui-unit-desktop-1.8.2.jar, C:\Users\lamia\AppData\Local\JetBrains\Amper\.m2.cache\org\jetbrains\compose\ui\ui-util-desktop\1.8.2\ui-util-desktop-1.8.2.jar, C:\Users\lamia\AppData\Local\JetBrains\Amper\.m2.cache\org\jetbrains\kotlin\kotlin-stdlib\2.2.21\kotlin-stdlib-2.2.21.jar, C:\Users\lamia\AppData\Local\JetBrains\Amper\.m2.cache\org\jetbrains\kotlinx\kotlinx-coroutines-core-jvm\1.8.0\kotlinx-coroutines-core-jvm-1.8.0.jar, C:\Users\lamia\AppData\Local\JetBrains\Amper\.m2.cache\org\jetbrains\skiko\skiko-awt\0.9.4.2\skiko-awt-0.9.4.2.jar, E:\app\build\artifacts\JvmResourcesDirArtifact\appmain, E:\app\build\generated\app\main\src\compose\resources\accessors, E:\app\build\generated\app\main\src\compose\resources\collectors, E:\app\build\generated\app\main\src\compose\resources\commonResClass, E:\app\resources, E:\app\src]
00:36.720 DEBUG :app:compileJvm           IncrementalCache          [inc] building ':app:compileJvm'
00:36.830 DEBUG :app:compileJvm           IncrementalCache          [inc] up-to-date according to state file at 'E:\app\build\incremental.state\resolve-org.jetbrains.kotlin-kotlin-build-tools-im-439d3d0dbf' in 2.109200ms
00:36.831 DEBUG :app:compileJvm           IncrementalCache          [inc] 'resolve-org.jetbrains.kotlin-kotlin-build-tools-impl-2.2.21' is up-to-date
00:36.895 DEBUG :app:compileJvm           IncrementalCache          [inc] up-to-date according to state file at 'E:\app\build\incremental.state\resolve-org.jetbrains.kotlin-kotlin-compose-compil-038c518465' in 784.7us
00:36.896 DEBUG :app:compileJvm           IncrementalCache          [inc] 'resolve-org.jetbrains.kotlin-kotlin-compose-compiler-plugin-embeddable-2.2.21' is up-to-date
00:36.901 INFO  :app:compileJvm           JvmCompileTask            Compiling module 'app' for platform 'jvm'...
00:36.911 DEBUG :app:compileJvm           KotlinBuildToolsApiKt     Compiling using the in-process strategy
00:37.283 DEBUG :app:compileJvm           KotlinBuildToolsApiKt     Using Kotlin home directory <no_path>
00:37.330 DEBUG :app:compileJvm           KotlinBuildToolsApiKt     Configuring the compilation environment
00:37.627 DEBUG :app:compileJvm           KotlinBuildToolsApiKt     Using JDK home directory C:\Users\lamia\AppData\Local\JetBrains\Amper\extract.cache\5de2c13edf-amazon-corretto-21.0.1.12.1-windows-x64-jdk.zip.92d495.d
00:39.567 DEBUG :app:compileJvm           KotlinBuildToolsApiKt     Loading modules: [java.se, jdk.accessibility, jdk.attach, jdk.compiler, jdk.dynalink, jdk.httpserver, jdk.incubator.vector, jdk.jartool, jdk.javadoc, jdk.jconsole, jdk.jdi, jdk.jfr, jdk.jshell, jdk.jsobject, jdk.management, jdk.management.jfr, jdk.net, jdk.nio.mapmode, jdk.sctp, jdk.security.auth, jdk.security.jgss, jdk.unsupported, jdk.unsupported.desktop, jdk.xml.dom, java.base, java.compiler, java.datatransfer, java.desktop, java.xml, java.instrument, java.logging, java.management, java.management.rmi, java.rmi, java.naming, java.net.http, java.prefs, java.scripting, java.security.jgss, java.security.sasl, java.sql, java.transaction.xa, java.sql.rowset, java.xml.crypto, jdk.internal.jvmstat, jdk.internal.opt, jdk.zipfs, jdk.management.agent, jdk.jdwp.agent, jdk.internal.ed, jdk.internal.le]
00:49.033 ERROR :app:compileJvm           KotlinBuildToolsApiKt     file:///E:/app/src/main.kt:8:12 Unresolved reference 'example'.
00:49.061 DEBUG :app:compileJvm           JvmCompileTask            Kotlin compiler finalization...
