JetBrains Amper version 0.9.1 (7164273, 2025-11-28)
running on Windows 10 10.0 jvm arch amd64

00:05.442 DEBUG :app:resolveDependenciesJvm ResolveExternalDependenciesTask resolve dependencies app -- main -- org.jetbrains.compose.desktop:desktop-jvm-windows-x64:1.8.2 org.jetbrains.compose.material:material-icons-extended-desktop:1.6.0 org.jetbrains.compose.runtime:runtime:1.8.2 org.jetbrains.kotlin:kotlin-stdlib:2.2.21 -- resolvePlatform=jvm nativeTarget=null wasmTarget=null
00:05.477 DEBUG :generated\app\main\src\compose\resources\commonResClass IncrementalCache          [inc] up-to-date according to state file at 'E:\app\build\incremental.state\_generated_app_main_src_compose_resources_commonRe-54d53be939' in 27.158400ms
00:05.478 DEBUG :generated\app\main\src\compose\resources\commonResClass IncrementalCache          [inc] ':generated\app\main\src\compose\resources\commonResClass' is up-to-date
00:05.516 DEBUG :artifacts\PreparedComposeResourcesDirArtifact\appmain IncrementalCache          [inc] up-to-date according to state file at 'E:\app\build\incremental.state\_artifacts_PreparedComposeResourcesDirArtifact_app-d0751f6123' in 67.344800ms
00:05.516 DEBUG :artifacts\PreparedComposeResourcesDirArtifact\appmain IncrementalCache          [inc] ':artifacts\PreparedComposeResourcesDirArtifact\appmain' is up-to-date
00:05.523 DEBUG :generated\app\main\src\compose\resources\accessors IncrementalCache          [inc] up-to-date according to state file at 'E:\app\build\incremental.state\_generated_app_main_src_compose_resources_accessor-0bf8dfa386' in 426.4us
00:05.524 DEBUG :generated\app\main\src\compose\resources\accessors IncrementalCache          [inc] ':generated\app\main\src\compose\resources\accessors' is up-to-date
00:05.526 DEBUG :generated\app\main\src\compose\resources\collectors IncrementalCache          [inc] up-to-date according to state file at 'E:\app\build\incremental.state\_generated_app_main_src_compose_resources_collecto-2e587b1008' in 392.8us
00:05.527 DEBUG :generated\app\main\src\compose\resources\collectors IncrementalCache          [inc] ':generated\app\main\src\compose\resources\collectors' is up-to-date
00:05.595 DEBUG :app:resolveDependenciesJvm IncrementalCache          [inc] up-to-date according to state file at 'E:\app\build\incremental.state\_app_resolveDependenciesJvm-ba82a87db8' in 128.593100ms
00:05.596 DEBUG :app:resolveDependenciesJvm IncrementalCache          [inc] ':app:resolveDependenciesJvm' is up-to-date
00:05.610 DEBUG :app:resolveDependenciesJvm ResolveExternalDependenciesTask resolve dependencies app -- main -- org.jetbrains.compose.desktop:desktop-jvm-windows-x64:1.8.2 org.jetbrains.compose.material:material-icons-extended-desktop:1.6.0 org.jetbrains.compose.runtime:runtime:1.8.2 org.jetbrains.kotlin:kotlin-stdlib:2.2.21 -- resolvePlatform=JVM nativeTarget=null
wasmTarget=null
https://repo1.maven.org/maven2 https://maven.google.com https://maven.pkg.jetbrains.space/public/p/compose/dev resolved to:
  .m2.cache\org\jetbrains\compose\material\material-icons-extended-desktop\1.6.0\material-icons-extended-desktop-1.6.0.jar
  .m2.cache\org\jetbrains\kotlin\kotlin-stdlib\2.2.21\kotlin-stdlib-2.2.21.jar
  .m2.cache\org\jetbrains\annotations\23.0.0\annotations-23.0.0.jar
  .m2.cache\org\jetbrains\compose\runtime\runtime-desktop\1.8.2\runtime-desktop-1.8.2.jar
  .m2.cache\org\jetbrains\compose\desktop\desktop-jvm\1.8.2\desktop-jvm-1.8.2.jar
  .m2.cache\org\jetbrains\compose\material\material-icons-core-desktop\1.6.0\material-icons-core-desktop-1.6.0.jar
  .m2.cache\org\jetbrains\kotlinx\kotlinx-coroutines-core-jvm\1.8.0\kotlinx-coroutines-core-jvm-1.8.0.jar
  .m2.cache\org\jetbrains\compose\foundation\foundation-desktop\1.8.2\foundation-desktop-1.8.2.jar
  .m2.cache\org\jetbrains\compose\material\material-desktop\1.8.2\material-desktop-1.8.2.jar
  .m2.cache\org\jetbrains\compose\ui\ui-desktop\1.8.2\ui-desktop-1.8.2.jar
  .m2.cache\org\jetbrains\compose\ui\ui-tooling-preview-desktop\1.8.2\ui-tooling-preview-desktop-1.8.2.jar
  .m2.cache\org\jetbrains\compose\animation\animation-desktop\1.8.2\animation-desktop-1.8.2.jar
  .m2.cache\org\jetbrains\skiko\skiko-awt\0.9.4.2\skiko-awt-0.9.4.2.jar
  .m2.cache\org\jetbrains\compose\animation\animation-core-desktop\1.8.2\animation-core-desktop-1.8.2.jar
  .m2.cache\org\jetbrains\compose\material\material-ripple-desktop\1.8.2\material-ripple-desktop-1.8.2.jar
  .m2.cache\org\jetbrains\compose\ui\ui-text-desktop\1.8.2\ui-text-desktop-1.8.2.jar
  .m2.cache\org\jetbrains\compose\runtime\runtime-saveable-desktop\1.8.2\runtime-saveable-desktop-1.8.2.jar
  .m2.cache\org\jetbrains\compose\ui\ui-geometry-desktop\1.8.2\ui-geometry-desktop-1.8.2.jar
  .m2.cache\org\jetbrains\compose\ui\ui-graphics-desktop\1.8.2\ui-graphics-desktop-1.8.2.jar
  .m2.cache\org\jetbrains\compose\ui\ui-unit-desktop\1.8.2\ui-unit-desktop-1.8.2.jar
  .m2.cache\org\jetbrains\compose\ui\ui-util-desktop\1.8.2\ui-util-desktop-1.8.2.jar
  .m2.cache\androidx\lifecycle\lifecycle-common-jvm\2.8.5\lifecycle-common-jvm-2.8.5.jar
  .m2.cache\org\jetbrains\compose\foundation\foundation-layout-desktop\1.8.2\foundation-layout-desktop-1.8.2.jar
  .m2.cache\androidx\annotation\annotation-jvm\1.9.1\annotation-jvm-1.9.1.jar
00:05.611 DEBUG :app:prepareComposeResourcesForJvmMain IncrementalCache          [inc] up-to-date according to state file at 'E:\app\build\incremental.state\_app_prepareComposeResourcesForJvmMain-394721c199' in 79.495600ms
00:05.611 DEBUG :app:prepareComposeResourcesForJvmMain IncrementalCache          [inc] ':app:prepareComposeResourcesForJvmMain' is up-to-date
00:05.616 DEBUG :app:compileJvm           JvmCompileTask            compile app -- main
00:06.534 DEBUG :app:compileJvm           ExtractKt                 Skipping extract to C:\Users\lamia\AppData\Local\JetBrains\Amper\extract.cache\5de2c13edf-amazon-corretto-21.0.1.12.1-windows-x64-jdk.zip.92d495.d since flag file C:\Users\lamia\AppData\Local\JetBrains\Amper\extract.cache\5de2c13edf-amazon-corretto-21.0.1.12.1-windows-x64-jdk.zip.92d495.d.flag is correct
00:06.610 DEBUG :app:compileJvm           IncrementalCache          [inc] Input files don't match recorded state in 'E:\app\build\incremental.state\_app_compileJvm-5d9114e703' -> rebuilding
  old: {C:\Users\lamia\AppData\Local\JetBrains\Amper\.m2.cache\androidx\annotation\annotation-jvm\1.9.1\annotation-jvm-1.9.1.jar=size 60577 mtime 2025-12-05T10:38:13.730851Z, C:\Users\lamia\AppData\Local\JetBrains\Amper\.m2.cache\androidx\lifecycle\lifecycle-common-jvm\2.8.5\lifecycle-common-jvm-2.8.5.jar=size 57238 mtime 2025-12-05T10:34:22.1497257Z, C:\Users\lamia\AppData\Local\JetBrains\Amper\.m2.cache\org\jetbrains\annotations\23.0.0\annotations-23.0.0.jar=size 29371 mtime 2025-12-05T10:34:23.2699385Z, C:\Users\lamia\AppData\Local\JetBrains\Amper\.m2.cache\org\jetbrains\compose\animation\animation-core-desktop\1.8.2\animation-core-desktop-1.8.2.jar=size 373054 mtime 2025-12-05T10:38:15.1298381Z, C:\Users\lamia\AppData\Local\JetBrains\Amper\.m2.cache\org\jetbrains\compose\animation\animation-desktop\1.8.2\animation-desktop-1.8.2.jar=size 334268 mtime 2025-12-05T10:38:14.3415085Z, C:\Users\lamia\AppData\Local\JetBrains\Amper\.m2.cache\org\jetbrains\compose\desktop\desktop-jvm\1.8.2\desktop-jvm-1.8.2.jar=size 6045 mtime 2025-12-05T10:38:13.8265971Z, C:\Users\lamia\AppData\Local\JetBrains\Amper\.m2.cache\org\jetbrains\compose\foundation\foundation-desktop\1.8.2\foundation-desktop-1.8.2.jar=size 3796030 mtime 2025-12-05T10:38:17.1822989Z, C:\Users\lamia\AppData\Local\JetBrains\Amper\.m2.cache\org\jetbrains\compose\foundation\foundation-layout-desktop\1.8.2\foundation-layout-desktop-1.8.2.jar=size 573052 mtime 2025-12-05T10:38:14.2663902Z, C:\Users\lamia\AppData\Local\JetBrains\Amper\.m2.cache\org\jetbrains\compose\material\material-desktop\1.8.2\material-desktop-1.8.2.jar=size 1702312 mtime 2025-12-05T10:38:16.1774844Z, C:\Users\lamia\AppData\Local\JetBrains\Amper\.m2.cache\org\jetbrains\compose\material\material-icons-core-desktop\1.6.0\material-icons-core-desktop-1.6.0.jar=size 878418 mtime 2025-12-08T00:46:47.7336968Z, C:\Users\lamia\AppData\Local\JetBrains\Amper\.m2.cache\org\jetbrains\compose\material\material-icons-extended-desktop\1.6.0\material-icons-extended-desktop-1.6.0.jar=size 37782322 mtime 2025-12-08T00:46:48.7216303Z, C:\Users\lamia\AppData\Local\JetBrains\Amper\.m2.cache\org\jetbrains\compose\material\material-ripple-desktop\1.8.2\material-ripple-desktop-1.8.2.jar=size 72676 mtime 2025-12-05T10:38:14.6292297Z, C:\Users\lamia\AppData\Local\JetBrains\Amper\.m2.cache\org\jetbrains\compose\runtime\runtime-desktop\1.8.2\runtime-desktop-1.8.2.jar=size 1400930 mtime 2025-12-05T10:38:16.0937087Z, C:\Users\lamia\AppData\Local\JetBrains\Amper\.m2.cache\org\jetbrains\compose\runtime\runtime-saveable-desktop\1.8.2\runtime-saveable-desktop-1.8.2.jar=size 41298 mtime 2025-12-05T10:38:15.0384322Z, C:\Users\lamia\AppData\Local\JetBrains\Amper\.m2.cache\org\jetbrains\compose\ui\ui-desktop\1.8.2\ui-desktop-1.8.2.jar=size 3119324 mtime 2025-12-05T10:38:16.7761206Z, C:\Users\lamia\AppData\Local\JetBrains\Amper\.m2.cache\org\jetbrains\compose\ui\ui-geometry-desktop\1.8.2\ui-geometry-desktop-1.8.2.jar=size 56481 mtime 2025-12-05T10:38:15.6429965Z, C:\Users\lamia\AppData\Local\JetBrains\Amper\.m2.cache\org\jetbrains\compose\ui\ui-graphics-desktop\1.8.2\ui-graphics-desktop-1.8.2.jar=size 566040 mtime 2025-12-05T10:38:14.5258214Z, C:\Users\lamia\AppData\Local\JetBrains\Amper\.m2.cache\org\jetbrains\compose\ui\ui-text-desktop\1.8.2\ui-text-desktop-1.8.2.jar=size 700552 mtime 2025-12-05T10:38:15.4924023Z, C:\Users\lamia\AppData\Local\JetBrains\Amper\.m2.cache\org\jetbrains\compose\ui\ui-tooling-preview-desktop\1.8.2\ui-tooling-preview-desktop-1.8.2.jar=size 1868 mtime 2025-12-05T10:38:13.819616Z, C:\Users\lamia\AppData\Local\JetBrains\Amper\.m2.cache\org\jetbrains\compose\ui\ui-unit-desktop\1.8.2\ui-unit-desktop-1.8.2.jar=size 83012 mtime 2025-12-05T10:38:13.9624077Z, C:\Users\lamia\AppData\Local\JetBrains\Amper\.m2.cache\org\jetbrains\compose\ui\ui-util-desktop\1.8.2\ui-util-desktop-1.8.2.jar=size 16970 mtime 2025-12-05T10:38:14.9605837Z, C:\Users\lamia\AppData\Local\JetBrains\Amper\.m2.cache\org\jetbrains\kotlin\kotlin-stdlib\2.2.21\kotlin-stdlib-2.2.21.jar=size 1761445 mtime 2025-12-05T10:38:13.7657604Z, C:\Users\lamia\AppData\Local\JetBrains\Amper\.m2.cache\org\jetbrains\kotlinx\kotlinx-coroutines-core-jvm\1.8.0\kotlinx-coroutines-core-jvm-1.8.0.jar=size 1548360 mtime 2025-12-05T10:34:20.278198Z, C:\Users\lamia\AppData\Local\JetBrains\Amper\.m2.cache\org\jetbrains\skiko\skiko-awt\0.9.4.2\skiko-awt-0.9.4.2.jar=size 1249143 mtime 2025-12-05T10:38:15.5612158Z, E:\app\build\artifacts\JvmResourcesDirArtifact\appmain=MISSING, E:\app\build\generated\app\main\src\compose\resources\accessors=MISSING, E:\app\build\generated\app\main\src\compose\resources\collectors=MISSING, E:\app\build\generated\app\main\src\compose\resources\commonResClass=MISSING, E:\app\resources=MISSING, E:\app\src\HomeScreen.kt=size 9311 mtime 2025-12-08T22:25:22Z, E:\app\src\OnboardingScreen.kt=size 6637 mtime 2025-12-08T00:12:56Z, E:\app\src\main.kt=size 853 mtime 2025-12-08T21:41:50Z, E:\app\src\resources=EMPTY DIR}
  new: {E:\app\src\main.kt=size 853 mtime 2025-12-08T21:41:50Z, E:\app\src\OnboardingScreen.kt=size 6637 mtime 2025-12-08T00:12:56Z, E:\app\src\resources=EMPTY DIR, E:\app\src\HomeScreen.kt=size 17640 mtime 2025-12-08T22:31:44Z, E:\app\build\generated\app\main\src\compose\resources\commonResClass=MISSING, E:\app\build\generated\app\main\src\compose\resources\accessors=MISSING, E:\app\build\generated\app\main\src\compose\resources\collectors=MISSING, E:\app\resources=MISSING, E:\app\build\artifacts\JvmResourcesDirArtifact\appmain=MISSING, C:\Users\lamia\AppData\Local\JetBrains\Amper\.m2.cache\org\jetbrains\compose\material\material-icons-extended-desktop\1.6.0\material-icons-extended-desktop-1.6.0.jar=size 37782322 mtime 2025-12-08T00:46:48.7216303Z, C:\Users\lamia\AppData\Local\JetBrains\Amper\.m2.cache\org\jetbrains\kotlin\kotlin-stdlib\2.2.21\kotlin-stdlib-2.2.21.jar=size 1761445 mtime 2025-12-05T10:38:13.7657604Z, C:\Users\lamia\AppData\Local\JetBrains\Amper\.m2.cache\org\jetbrains\annotations\23.0.0\annotations-23.0.0.jar=size 29371 mtime 2025-12-05T10:34:23.2699385Z, C:\Users\lamia\AppData\Local\JetBrains\Amper\.m2.cache\org\jetbrains\compose\runtime\runtime-desktop\1.8.2\runtime-desktop-1.8.2.jar=size 1400930 mtime 2025-12-05T10:38:16.0937087Z, C:\Users\lamia\AppData\Local\JetBrains\Amper\.m2.cache\org\jetbrains\compose\desktop\desktop-jvm\1.8.2\desktop-jvm-1.8.2.jar=size 6045 mtime 2025-12-05T10:38:13.8265971Z, C:\Users\lamia\AppData\Local\JetBrains\Amper\.m2.cache\org\jetbrains\compose\material\material-icons-core-desktop\1.6.0\material-icons-core-desktop-1.6.0.jar=size 878418 mtime 2025-12-08T00:46:47.7336968Z, C:\Users\lamia\AppData\Local\JetBrains\Amper\.m2.cache\org\jetbrains\kotlinx\kotlinx-coroutines-core-jvm\1.8.0\kotlinx-coroutines-core-jvm-1.8.0.jar=size 1548360 mtime 2025-12-05T10:34:20.278198Z, C:\Users\lamia\AppData\Local\JetBrains\Amper\.m2.cache\org\jetbrains\compose\foundation\foundation-desktop\1.8.2\foundation-desktop-1.8.2.jar=size 3796030 mtime 2025-12-05T10:38:17.1822989Z, C:\Users\lamia\AppData\Local\JetBrains\Amper\.m2.cache\org\jetbrains\compose\material\material-desktop\1.8.2\material-desktop-1.8.2.jar=size 1702312 mtime 2025-12-05T10:38:16.1774844Z, C:\Users\lamia\AppData\Local\JetBrains\Amper\.m2.cache\org\jetbrains\compose\ui\ui-desktop\1.8.2\ui-desktop-1.8.2.jar=size 3119324 mtime 2025-12-05T10:38:16.7761206Z, C:\Users\lamia\AppData\Local\JetBrains\Amper\.m2.cache\org\jetbrains\compose\ui\ui-tooling-preview-desktop\1.8.2\ui-tooling-preview-desktop-1.8.2.jar=size 1868 mtime 2025-12-05T10:38:13.819616Z, C:\Users\lamia\AppData\Local\JetBrains\Amper\.m2.cache\org\jetbrains\compose\animation\animation-desktop\1.8.2\animation-desktop-1.8.2.jar=size 334268 mtime 2025-12-05T10:38:14.3415085Z, C:\Users\lamia\AppData\Local\JetBrains\Amper\.m2.cache\org\jetbrains\skiko\skiko-awt\0.9.4.2\skiko-awt-0.9.4.2.jar=size 1249143 mtime 2025-12-05T10:38:15.5612158Z, C:\Users\lamia\AppData\Local\JetBrains\Amper\.m2.cache\org\jetbrains\compose\animation\animation-core-desktop\1.8.2\animation-core-desktop-1.8.2.jar=size 373054 mtime 2025-12-05T10:38:15.1298381Z, C:\Users\lamia\AppData\Local\JetBrains\Amper\.m2.cache\org\jetbrains\compose\material\material-ripple-desktop\1.8.2\material-ripple-desktop-1.8.2.jar=size 72676 mtime 2025-12-05T10:38:14.6292297Z, C:\Users\lamia\AppData\Local\JetBrains\Amper\.m2.cache\org\jetbrains\compose\ui\ui-text-desktop\1.8.2\ui-text-desktop-1.8.2.jar=size 700552 mtime 2025-12-05T10:38:15.4924023Z, C:\Users\lamia\AppData\Local\JetBrains\Amper\.m2.cache\org\jetbrains\compose\runtime\runtime-saveable-desktop\1.8.2\runtime-saveable-desktop-1.8.2.jar=size 41298 mtime 2025-12-05T10:38:15.0384322Z, C:\Users\lamia\AppData\Local\JetBrains\Amper\.m2.cache\org\jetbrains\compose\ui\ui-geometry-desktop\1.8.2\ui-geometry-desktop-1.8.2.jar=size 56481 mtime 2025-12-05T10:38:15.6429965Z, C:\Users\lamia\AppData\Local\JetBrains\Amper\.m2.cache\org\jetbrains\compose\ui\ui-graphics-desktop\1.8.2\ui-graphics-desktop-1.8.2.jar=size 566040 mtime 2025-12-05T10:38:14.5258214Z, C:\Users\lamia\AppData\Local\JetBrains\Amper\.m2.cache\org\jetbrains\compose\ui\ui-unit-desktop\1.8.2\ui-unit-desktop-1.8.2.jar=size 83012 mtime 2025-12-05T10:38:13.9624077Z, C:\Users\lamia\AppData\Local\JetBrains\Amper\.m2.cache\org\jetbrains\compose\ui\ui-util-desktop\1.8.2\ui-util-desktop-1.8.2.jar=size 16970 mtime 2025-12-05T10:38:14.9605837Z, C:\Users\lamia\AppData\Local\JetBrains\Amper\.m2.cache\androidx\lifecycle\lifecycle-common-jvm\2.8.5\lifecycle-common-jvm-2.8.5.jar=size 57238 mtime 2025-12-05T10:34:22.1497257Z, C:\Users\lamia\AppData\Local\JetBrains\Amper\.m2.cache\org\jetbrains\compose\foundation\foundation-layout-desktop\1.8.2\foundation-layout-desktop-1.8.2.jar=size 573052 mtime 2025-12-05T10:38:14.2663902Z, C:\Users\lamia\AppData\Local\JetBrains\Amper\.m2.cache\androidx\annotation\annotation-jvm\1.9.1\annotation-jvm-1.9.1.jar=size 60577 mtime 2025-12-05T10:38:13.730851Z}
00:06.611 DEBUG :app:compileJvm           IncrementalCache          [inc] building ':app:compileJvm'
00:06.687 DEBUG :app:compileJvm           IncrementalCache          [inc] up-to-date according to state file at 'E:\app\build\incremental.state\resolve-org.jetbrains.kotlin-kotlin-build-tools-im-439d3d0dbf' in 7.730200ms
00:06.687 DEBUG :app:compileJvm           IncrementalCache          [inc] 'resolve-org.jetbrains.kotlin-kotlin-build-tools-impl-2.2.21' is up-to-date
00:06.877 DEBUG :app:compileJvm           IncrementalCache          [inc] up-to-date according to state file at 'E:\app\build\incremental.state\resolve-org.jetbrains.kotlin-kotlin-compose-compil-038c518465' in 630us
00:06.878 DEBUG :app:compileJvm           IncrementalCache          [inc] 'resolve-org.jetbrains.kotlin-kotlin-compose-compiler-plugin-embeddable-2.2.21' is up-to-date
00:06.884 INFO  :app:compileJvm           JvmCompileTask            Compiling module 'app' for platform 'jvm'...
00:06.891 DEBUG :app:compileJvm           KotlinBuildToolsApiKt     Compiling using the in-process strategy
00:07.366 DEBUG :app:compileJvm           KotlinBuildToolsApiKt     Using Kotlin home directory <no_path>
00:07.404 DEBUG :app:compileJvm           KotlinBuildToolsApiKt     Configuring the compilation environment
00:07.552 DEBUG :app:compileJvm           KotlinBuildToolsApiKt     Using JDK home directory C:\Users\lamia\AppData\Local\JetBrains\Amper\extract.cache\5de2c13edf-amazon-corretto-21.0.1.12.1-windows-x64-jdk.zip.92d495.d
00:09.134 DEBUG :app:compileJvm           KotlinBuildToolsApiKt     Loading modules: [java.se, jdk.accessibility, jdk.attach, jdk.compiler, jdk.dynalink, jdk.httpserver, jdk.incubator.vector, jdk.jartool, jdk.javadoc, jdk.jconsole, jdk.jdi, jdk.jfr, jdk.jshell, jdk.jsobject, jdk.management, jdk.management.jfr, jdk.net, jdk.nio.mapmode, jdk.sctp, jdk.security.auth, jdk.security.jgss, jdk.unsupported, jdk.unsupported.desktop, jdk.xml.dom, java.base, java.compiler, java.datatransfer, java.desktop, java.xml, java.instrument, java.logging, java.management, java.management.rmi, java.rmi, java.naming, java.net.http, java.prefs, java.scripting, java.security.jgss, java.security.sasl, java.sql, java.transaction.xa, java.sql.rowset, java.xml.crypto, jdk.internal.jvmstat, jdk.internal.opt, jdk.zipfs, jdk.management.agent, jdk.jdwp.agent, jdk.internal.ed, jdk.internal.le]
00:18.982 ERROR :app:compileJvm           KotlinBuildToolsApiKt     file:///E:/app/src/HomeScreen.kt:1:36 Conflicting import: imported name 'BorderStroke' is ambiguous.
00:18.985 ERROR :app:compileJvm           KotlinBuildToolsApiKt     file:///E:/app/src/HomeScreen.kt:9:42 Conflicting import: imported name 'RoundedCornerShape' is ambiguous.
00:18.986 ERROR :app:compileJvm           KotlinBuildToolsApiKt     file:///E:/app/src/HomeScreen.kt:11:40 Conflicting import: imported name 'Icons' is ambiguous.
00:18.987 ERROR :app:compileJvm           KotlinBuildToolsApiKt     file:///E:/app/src/HomeScreen.kt:14:28 Conflicting import: imported name 'Alignment' is ambiguous.
00:18.988 ERROR :app:compileJvm           KotlinBuildToolsApiKt     file:///E:/app/src/HomeScreen.kt:15:28 Conflicting import: imported name 'Modifier' is ambiguous.
00:18.990 ERROR :app:compileJvm           KotlinBuildToolsApiKt     file:///E:/app/src/HomeScreen.kt:16:37 Conflicting import: imported name 'Color' is ambiguous.
00:19.023 ERROR :app:compileJvm           KotlinBuildToolsApiKt     file:///E:/app/src/HomeScreen.kt:19:18 Conflicting import: imported name 'DayOfWeek' is ambiguous.
00:19.026 ERROR :app:compileJvm           KotlinBuildToolsApiKt     file:///E:/app/src/HomeScreen.kt:20:18 Conflicting import: imported name 'LocalDate' is ambiguous.
00:19.029 ERROR :app:compileJvm           KotlinBuildToolsApiKt     file:///E:/app/src/HomeScreen.kt:25:12 Redeclaration:
data class Task : Any
00:19.041 ERROR :app:compileJvm           KotlinBuildToolsApiKt     file:///E:/app/src/HomeScreen.kt:35:1 Conflicting overloads:
fun HomeScreen(): Unit
00:19.041 ERROR :app:compileJvm           KotlinBuildToolsApiKt     file:///E:/app/src/HomeScreen.kt:152:17 Overload resolution ambiguity between candidates:
fun TaskCard(task: Task, onToggle: () -> Unit): Unit
fun TaskCard(task: Task, onToggle: () -> Unit): Unit
00:19.046 ERROR :app:compileJvm           KotlinBuildToolsApiKt     file:///E:/app/src/HomeScreen.kt:187:1 Conflicting overloads:
fun TaskCard(task: Task, onToggle: () -> Unit): Unit
00:19.047 ERROR :app:compileJvm           KotlinBuildToolsApiKt     file:///E:/app/src/HomeScreen.kt:235:2 Syntax error: imports are only allowed in the beginning of file.
00:19.048 ERROR :app:compileJvm           KotlinBuildToolsApiKt     file:///E:/app/src/HomeScreen.kt:236:36 Conflicting import: imported name 'BorderStroke' is ambiguous.
00:19.050 ERROR :app:compileJvm           KotlinBuildToolsApiKt     file:///E:/app/src/HomeScreen.kt:244:42 Conflicting import: imported name 'RoundedCornerShape' is ambiguous.
00:19.051 ERROR :app:compileJvm           KotlinBuildToolsApiKt     file:///E:/app/src/HomeScreen.kt:246:40 Conflicting import: imported name 'Icons' is ambiguous.
00:19.052 ERROR :app:compileJvm           KotlinBuildToolsApiKt     file:///E:/app/src/HomeScreen.kt:249:28 Conflicting import: imported name 'Alignment' is ambiguous.
00:19.055 ERROR :app:compileJvm           KotlinBuildToolsApiKt     file:///E:/app/src/HomeScreen.kt:250:28 Conflicting import: imported name 'Modifier' is ambiguous.
00:19.057 ERROR :app:compileJvm           KotlinBuildToolsApiKt     file:///E:/app/src/HomeScreen.kt:251:37 Conflicting import: imported name 'Color' is ambiguous.
00:19.057 ERROR :app:compileJvm           KotlinBuildToolsApiKt     file:///E:/app/src/HomeScreen.kt:254:18 Conflicting import: imported name 'DayOfWeek' is ambiguous.
00:19.058 ERROR :app:compileJvm           KotlinBuildToolsApiKt     file:///E:/app/src/HomeScreen.kt:255:18 Conflicting import: imported name 'LocalDate' is ambiguous.
00:19.060 ERROR :app:compileJvm           KotlinBuildToolsApiKt     file:///E:/app/src/HomeScreen.kt:260:12 Redeclaration:
data class Task : Any
00:19.061 ERROR :app:compileJvm           KotlinBuildToolsApiKt     file:///E:/app/src/HomeScreen.kt:270:1 Conflicting overloads:
fun HomeScreen(): Unit
00:19.062 ERROR :app:compileJvm           KotlinBuildToolsApiKt     file:///E:/app/src/HomeScreen.kt:387:17 Overload resolution ambiguity between candidates:
fun TaskCard(task: Task, onToggle: () -> Unit): Unit
fun TaskCard(task: Task, onToggle: () -> Unit): Unit
00:19.063 ERROR :app:compileJvm           KotlinBuildToolsApiKt     file:///E:/app/src/HomeScreen.kt:422:1 Conflicting overloads:
fun TaskCard(task: Task, onToggle: () -> Unit): Unit
00:19.065 ERROR :app:compileJvm           KotlinBuildToolsApiKt     file:///E:/app/src/main.kt:20:23 Overload resolution ambiguity between candidates:
fun HomeScreen(): Unit
fun HomeScreen(): Unit
00:19.088 DEBUG :app:compileJvm           JvmCompileTask            Kotlin compiler finalization...
